[machine.1]        10500 can-rx receiver=1 id=0x0200 len=2
[machine.1]        10500 can-rx receiver=1 id=0x0300 len=7
[machine.1]        20500 can-rx receiver=1 id=0x0200 len=2
[machine.1]        20500 can-rx receiver=1 id=0x0300 len=7
[machine.1]        30500 can-rx receiver=1 id=0x0200 len=2
[machine.1]        30500 can-rx receiver=1 id=0x0300 len=7
[machine.1]        40500 can-rx receiver=1 id=0x0200 len=2
[machine.1]        40500 can-rx receiver=1 id=0x0300 len=7
[machine.1]        50500 can-tx sender=1 id=0x0001 len=5
[machine.1]        50500 can-tx sender=1 id=0x0001 len=5
[machine.1]        50500 can-tx sender=1 id=0x0001 len=5
[machine.1]        50500 can-rx receiver=1 id=0x0200 len=2
[machine.1]        50500 can-rx receiver=1 id=0x0300 len=7
[machine.1]        60500 can-rx receiver=1 id=0x0200 len=2
[machine.1]        60500 can-rx receiver=1 id=0x0300 len=7
[machine.1]        70500 can-rx receiver=1 id=0x0001 len=5
[machine.1]        70500 can-rx receiver=1 id=0x0200 len=2
[machine.1]        70500 can-rx receiver=1 id=0x0300 len=7
[machine.1]        80500 can-rx receiver=1 id=0x0001 len=5
[machine.1]        80500 can-rx receiver=1 id=0x0200 len=2
[machine.1]        80500 can-rx receiver=1 id=0x0300 len=7
[machine.1]        90500 can-rx receiver=1 id=0x0001 len=5
[machine.1]        90500 can-rx receiver=1 id=0x0200 len=2
[machine.1]        90500 can-rx receiver=1 id=0x0300 len=7
[machine.1]       100500 can-rx receiver=1 id=0x0200 len=2
[machine.1]       100500 can-rx receiver=1 id=0x0300 len=7
[machine.1]       110500 can-rx receiver=1 id=0x0200 len=2
[machine.1]       110500 can-rx receiver=1 id=0x0300 len=7
[machine.1]       120500 can-rx receiver=1 id=0x0200 len=2
[machine.1]       120500 can-rx receiver=1 id=0x0300 len=7
[machine.1]       130500 can-rx receiver=1 id=0x0200 len=2
[machine.1]       130500 can-rx receiver=1 id=0x0300 len=7
[machine.1]       140500 can-rx receiver=1 id=0x0200 len=2
[machine.1]       140500 can-rx receiver=1 id=0x0300 len=7
[machine.1]       150500 can-tx sender=1 id=0x0001 len=5
[machine.1]       150500 can-tx sender=1 id=0x0001 len=5
[machine.1]       150500 can-tx sender=1 id=0x0001 len=5
[machine.1]       150500 can-rx receiver=1 id=0x0200 len=2
[machine.1]       150500 can-rx receiver=1 id=0x0300 len=7
[machine.1]       160500 can-rx receiver=1 id=0x0200 len=2
[machine.1]       160500 can-rx receiver=1 id=0x0300 len=7
[machine.1]       170500 can-rx receiver=1 id=0x0200 len=2
[machine.1]       170500 can-rx receiver=1 id=0x0300 len=7
[machine.1]       180500 can-rx receiver=1 id=0x0200 len=2
[machine.1]       180500 can-rx receiver=1 id=0x0300 len=7
[machine.1]       190500 can-rx receiver=1 id=0x0200 len=2
[machine.1]       190500 can-rx receiver=1 id=0x0300 len=7
[machine.1]       200500 can-rx receiver=1 id=0x0200 len=2
[machine.1]       200500 can-rx receiver=1 id=0x0300 len=7
[machine.1]       210500 can-rx receiver=1 id=0x0200 len=2
[machine.1]       210500 can-rx receiver=1 id=0x0300 len=7
[machine.1]       220500 can-rx receiver=1 id=0x0200 len=2
[machine.1]       220500 can-rx receiver=1 id=0x0300 len=7
[machine.1]       230500 can-rx receiver=1 id=0x0200 len=2
[machine.1]       230500 can-rx receiver=1 id=0x0300 len=7
[machine.1]       240500 can-rx receiver=1 id=0x0200 len=2
[machine.1]       240500 can-rx receiver=1 id=0x0300 len=7
[machine.1]       250500 can-rx receiver=1 id=0x0200 len=2
[machine.1]       250500 can-rx receiver=1 id=0x0300 len=7
[machine.1]       260500 can-rx receiver=1 id=0x0200 len=2
[machine.1]       260500 can-rx receiver=1 id=0x0300 len=7
[machine.1]       270500 can-rx receiver=1 id=0x0200 len=2
[machine.1]       270500 can-rx receiver=1 id=0x0300 len=7
[machine.1]       280500 can-rx receiver=1 id=0x0200 len=2
[machine.1]       280500 can-rx receiver=1 id=0x0300 len=7
[machine.1]       290500 can-rx receiver=1 id=0x0200 len=2
[machine.1]       290500 can-rx receiver=1 id=0x0300 len=7
[machine.1]       300500 can-rx receiver=1 id=0x0200 len=2
[machine.1]       300500 can-rx receiver=1 id=0x0300 len=7
[machine.1]       310500 can-rx receiver=1 id=0x0200 len=2
[machine.1]       310500 can-rx receiver=1 id=0x0300 len=7
[machine.1]       320500 can-rx receiver=1 id=0x0200 len=2
[machine.1]       320500 can-rx receiver=1 id=0x0300 len=7
[machine.1]       330500 can-rx receiver=1 id=0x0200 len=2
[machine.1]       330500 can-rx receiver=1 id=0x0300 len=7
[machine.1]       340500 can-rx receiver=1 id=0x0200 len=2
[machine.1]       340500 can-rx receiver=1 id=0x0300 len=7
[machine.1]       350500 can-rx receiver=1 id=0x0200 len=2
[machine.1]       350500 can-rx receiver=1 id=0x0300 len=7
[machine.1]       360500 can-rx receiver=1 id=0x0200 len=2
[machine.1]       360500 can-rx receiver=1 id=0x0300 len=7
[machine.1]       370500 can-rx receiver=1 id=0x0200 len=2
[machine.1]       370500 can-rx receiver=1 id=0x0300 len=7
[machine.1]       380500 can-rx receiver=1 id=0x0200 len=2
[machine.1]       380500 can-rx receiver=1 id=0x0300 len=7
[machine.1]       390500 can-rx receiver=1 id=0x0200 len=2
[machine.1]       390500 can-rx receiver=1 id=0x0300 len=7
[machine.1]       400500 can-rx receiver=1 id=0x0200 len=2
[machine.1]       400500 can-rx receiver=1 id=0x0300 len=7
[machine.1]       410500 can-rx receiver=1 id=0x0200 len=2
[machine.1]       410500 can-rx receiver=1 id=0x0300 len=7
[machine.1]       420500 can-rx receiver=1 id=0x0200 len=2
[machine.1]       420500 can-rx receiver=1 id=0x0300 len=7
[machine.1]       430500 can-rx receiver=1 id=0x0200 len=2
[machine.1]       430500 can-rx receiver=1 id=0x0300 len=7
[machine.1]       440500 can-rx receiver=1 id=0x0200 len=2
[machine.1]       440500 can-rx receiver=1 id=0x0300 len=7
[machine.1]       450500 can-rx receiver=1 id=0x0200 len=2
[machine.1]       450500 can-rx receiver=1 id=0x0300 len=7
[machine.1]       460500 can-rx receiver=1 id=0x0200 len=2
[machine.1]       460500 can-rx receiver=1 id=0x0300 len=7
[machine.1]       470500 can-rx receiver=1 id=0x0200 len=2
[machine.1]       470500 can-rx receiver=1 id=0x0300 len=7
[machine.1]       480500 can-rx receiver=1 id=0x0200 len=2
[machine.1]       480500 can-rx receiver=1 id=0x0300 len=7
[machine.1]       490500 can-rx receiver=1 id=0x0200 len=2
[machine.1]       490500 can-rx receiver=1 id=0x0300 len=7
[machine.1]       500500 can-rx receiver=1 id=0x0200 len=2
[machine.1]       500500 can-rx receiver=1 id=0x0300 len=7
[machine.1]       510500 can-rx receiver=1 id=0x0200 len=2
[machine.1]       510500 can-rx receiver=1 id=0x0300 len=7
[machine.1]       520500 can-rx receiver=1 id=0x0200 len=2
[machine.1]       520500 can-rx receiver=1 id=0x0300 len=7
[machine.1]       530500 can-rx receiver=1 id=0x0200 len=2
[machine.1]       530500 can-rx receiver=1 id=0x0300 len=7
[machine.1]       540500 can-rx receiver=1 id=0x0200 len=2
[machine.1]       540500 can-rx receiver=1 id=0x0300 len=7
[machine.1]       550500 can-rx receiver=1 id=0x0200 len=2
[machine.1]       550500 can-rx receiver=1 id=0x0300 len=7
[machine.1]       560500 can-rx receiver=1 id=0x0200 len=2
[machine.1]       560500 can-rx receiver=1 id=0x0300 len=7
[machine.1]       570500 can-rx receiver=1 id=0x0200 len=2
[machine.1]       570500 can-rx receiver=1 id=0x0300 len=7
[machine.1]       580500 can-rx receiver=1 id=0x0200 len=2
[machine.1]       580500 can-rx receiver=1 id=0x0300 len=7
[machine.1]       590500 can-rx receiver=1 id=0x0200 len=2
[machine.1]       590500 can-rx receiver=1 id=0x0300 len=7
[machine.1]       600500 can-rx receiver=1 id=0x0200 len=2
[machine.1]       600500 can-rx receiver=1 id=0x0300 len=7
[machine.1]       610500 can-rx receiver=1 id=0x0200 len=2
[machine.1]       610500 can-rx receiver=1 id=0x0300 len=7
[machine.1]       620500 can-rx receiver=1 id=0x0200 len=2
[machine.1]       620500 can-rx receiver=1 id=0x0300 len=7
[machine.1]       630500 can-rx receiver=1 id=0x0200 len=2
[machine.1]       630500 can-rx receiver=1 id=0x0300 len=7
[machine.1]       640500 can-rx receiver=1 id=0x0200 len=2
[machine.1]       640500 can-rx receiver=1 id=0x0300 len=7
[machine.1]       650500 can-rx receiver=1 id=0x0200 len=2
[machine.1]       650500 can-rx receiver=1 id=0x0300 len=7
[machine.1]       660500 can-rx receiver=1 id=0x0200 len=2
[machine.1]       660500 can-rx receiver=1 id=0x0300 len=7
[machine.1]       670500 can-rx receiver=1 id=0x0200 len=2
[machine.1]       670500 can-rx receiver=1 id=0x0300 len=7
[machine.1]       680500 can-rx receiver=1 id=0x0200 len=2
[machine.1]       680500 can-rx receiver=1 id=0x0300 len=7
[machine.1]       690500 can-rx receiver=1 id=0x0200 len=2
[machine.1]       690500 can-rx receiver=1 id=0x0300 len=7
[machine.1]       700500 can-rx receiver=1 id=0x0200 len=2
[machine.1]       700500 can-rx receiver=1 id=0x0300 len=7
[machine.1]       710500 can-rx receiver=1 id=0x0200 len=2
[machine.1]       710500 can-rx receiver=1 id=0x0300 len=7
[machine.1]       720500 can-rx receiver=1 id=0x0200 len=2
[machine.1]       720500 can-rx receiver=1 id=0x0300 len=7
[machine.1]       730500 can-rx receiver=1 id=0x0200 len=2
[machine.1]       730500 can-rx receiver=1 id=0x0300 len=7
[machine.1]       740500 can-rx receiver=1 id=0x0200 len=2
[machine.1]       740500 can-rx receiver=1 id=0x0300 len=7
[machine.1]       750500 can-rx receiver=1 id=0x0200 len=2
[machine.1]       750500 can-rx receiver=1 id=0x0300 len=7
[machine.1]       760500 can-rx receiver=1 id=0x0200 len=2
[machine.1]       760500 can-rx receiver=1 id=0x0300 len=7
[machine.1]       770500 can-rx receiver=1 id=0x0200 len=2
[machine.1]       770500 can-rx receiver=1 id=0x0300 len=7
[machine.1]       780500 can-rx receiver=1 id=0x0200 len=2
[machine.1]       780500 can-rx receiver=1 id=0x0300 len=7
[machine.1]       790500 can-rx receiver=1 id=0x0200 len=2
[machine.1]       790500 can-rx receiver=1 id=0x0300 len=7
[machine.1]       800500 can-rx receiver=1 id=0x0200 len=2
[machine.1]       800500 can-rx receiver=1 id=0x0300 len=7
[machine.1]       810500 can-rx receiver=1 id=0x0200 len=2
[machine.1]       810500 can-rx receiver=1 id=0x0300 len=7
[machine.1]       820500 can-rx receiver=1 id=0x0200 len=2
[machine.1]       820500 can-rx receiver=1 id=0x0300 len=7
[machine.1]       830500 can-rx receiver=1 id=0x0200 len=2
[machine.1]       830500 can-rx receiver=1 id=0x0300 len=7
[machine.1]       840500 can-rx receiver=1 id=0x0200 len=2
[machine.1]       840500 can-rx receiver=1 id=0x0300 len=7
[machine.1]       850500 can-rx receiver=1 id=0x0200 len=2
[machine.1]       850500 can-rx receiver=1 id=0x0300 len=7
[machine.1]       860500 can-rx receiver=1 id=0x0200 len=2
[machine.1]       860500 can-rx receiver=1 id=0x0300 len=7
[machine.1]       870500 can-rx receiver=1 id=0x0200 len=2
[machine.1]       870500 can-rx receiver=1 id=0x0300 len=7
[machine.1]       880500 can-rx receiver=1 id=0x0200 len=2
[machine.1]       880500 can-rx receiver=1 id=0x0300 len=7
[machine.1]       890500 can-rx receiver=1 id=0x0200 len=2
[machine.1]       890500 can-rx receiver=1 id=0x0300 len=7
[machine.1]       900500 can-rx receiver=1 id=0x0200 len=2
[machine.1]       900500 can-rx receiver=1 id=0x0300 len=7
[machine.1]       910500 can-rx receiver=1 id=0x0200 len=2
[machine.1]       910500 can-rx receiver=1 id=0x0300 len=7
[machine.1]       920500 can-rx receiver=1 id=0x0200 len=2
[machine.1]       920500 can-rx receiver=1 id=0x0300 len=7
[machine.1]       930500 can-rx receiver=1 id=0x0200 len=2
[machine.1]       930500 can-rx receiver=1 id=0x0300 len=7
[machine.1]       940500 can-rx receiver=1 id=0x0200 len=2
[machine.1]       940500 can-rx receiver=1 id=0x0300 len=7
[machine.1]       950500 can-rx receiver=1 id=0x0200 len=2
[machine.1]       950500 can-rx receiver=1 id=0x0300 len=7
[machine.1]       960500 can-rx receiver=1 id=0x0200 len=2
[machine.1]       960500 can-rx receiver=1 id=0x0300 len=7
[machine.1]       970500 can-rx receiver=1 id=0x0200 len=2
[machine.1]       970500 can-rx receiver=1 id=0x0300 len=7
[machine.1]       980500 can-rx receiver=1 id=0x0200 len=2
[machine.1]       980500 can-rx receiver=1 id=0x0300 len=7
[machine.1]       990500 can-rx receiver=1 id=0x0200 len=2
[machine.1]       990500 can-rx receiver=1 id=0x0300 len=7
[machine.1]      1000500 can-rx receiver=1 id=0x0200 len=2
[machine.1]      1000500 can-rx receiver=1 id=0x0300 len=7
[machine.1]      1010500 can-rx receiver=1 id=0x0200 len=2
[machine.1]      1010500 can-rx receiver=1 id=0x0300 len=7
[machine.1]      1020500 can-rx receiver=1 id=0x0200 len=2
[machine.1]      1020500 can-rx receiver=1 id=0x0300 len=7
[machine.1]      1030500 can-rx receiver=1 id=0x0200 len=2
[machine.1]      1030500 can-rx receiver=1 id=0x0300 len=7
[machine.1]      1040500 can-rx receiver=1 id=0x0200 len=2
[machine.1]      1040500 can-rx receiver=1 id=0x0300 len=7
[machine.1]      1050500 can-rx receiver=1 id=0x0200 len=2
[machine.1]      1050500 can-rx receiver=1 id=0x0300 len=7
[machine.1]      1060500 can-rx receiver=1 id=0x0200 len=2
[machine.1]      1060500 can-rx receiver=1 id=0x0300 len=7
[machine.1]      1070500 can-rx receiver=1 id=0x0200 len=2
[machine.1]      1070500 can-rx receiver=1 id=0x0300 len=7
[machine.1]      1080500 can-rx receiver=1 id=0x0200 len=2
[machine.1]      1080500 can-rx receiver=1 id=0x0300 len=7
[machine.1]      1090500 can-rx receiver=1 id=0x0200 len=2
[machine.1]      1090500 can-rx receiver=1 id=0x0300 len=7
[machine.1]      1100500 can-rx receiver=1 id=0x0200 len=2
[machine.1]      1100500 can-rx receiver=1 id=0x0300 len=7
[machine.1]      1110500 can-rx receiver=1 id=0x0200 len=2
[machine.1]      1110500 can-rx receiver=1 id=0x0300 len=7
[machine.1]      1120500 can-rx receiver=1 id=0x0200 len=2
[machine.1]      1120500 can-rx receiver=1 id=0x0300 len=7
[machine.1]      1130500 can-rx receiver=1 id=0x0200 len=2
[machine.1]      1130500 can-rx receiver=1 id=0x0300 len=7
[machine.1]      1140500 can-rx receiver=1 id=0x0200 len=2
[machine.1]      1140500 can-rx receiver=1 id=0x0300 len=7
[machine.1]      1150500 can-rx receiver=1 id=0x0200 len=2
[machine.1]      1150500 can-rx receiver=1 id=0x0300 len=7
[machine.1]      1160500 can-rx receiver=1 id=0x0200 len=2
[machine.1]      1160500 can-rx receiver=1 id=0x0300 len=7
[machine.1]      1170500 can-rx receiver=1 id=0x0200 len=2
[machine.1]      1170500 can-rx receiver=1 id=0x0300 len=7
[machine.1]      1180500 can-rx receiver=1 id=0x0200 len=2
[machine.1]      1180500 can-rx receiver=1 id=0x0300 len=7
[machine.1]      1190500 can-rx receiver=1 id=0x0200 len=2
[machine.1]      1190500 can-rx receiver=1 id=0x0300 len=7
[machine.1]      1200500 can-rx receiver=1 id=0x0200 len=2
[machine.1]      1200500 can-rx receiver=1 id=0x0300 len=7
[machine.1]      1210500 can-rx receiver=1 id=0x0200 len=2
[machine.1]      1210500 can-rx receiver=1 id=0x0300 len=7
[machine.1]      1220500 can-rx receiver=1 id=0x0200 len=2
[machine.1]      1220500 can-rx receiver=1 id=0x0300 len=7
[machine.1]      1230500 can-rx receiver=1 id=0x0200 len=2
[machine.1]      1230500 can-rx receiver=1 id=0x0300 len=7
[machine.1]      1240500 can-rx receiver=1 id=0x0200 len=2
[machine.1]      1240500 can-rx receiver=1 id=0x0300 len=7
[machine.1]      1250500 can-rx receiver=1 id=0x0200 len=2
[machine.1]      1250500 can-rx receiver=1 id=0x0300 len=7
[machine.1]      1260500 can-rx receiver=1 id=0x0200 len=2
[machine.1]      1260500 can-rx receiver=1 id=0x0300 len=7
[machine.1]      1270500 can-rx receiver=1 id=0x0200 len=2
[machine.1]      1270500 can-rx receiver=1 id=0x0300 len=7
[machine.1]      1280500 can-rx receiver=1 id=0x0200 len=2
[machine.1]      1280500 can-rx receiver=1 id=0x0300 len=7
[machine.1]      1290500 can-rx receiver=1 id=0x0200 len=2
[machine.1]      1290500 can-rx receiver=1 id=0x0300 len=7
[machine.1]      1300500 can-rx receiver=1 id=0x0200 len=2
[machine.1]      1300500 can-rx receiver=1 id=0x0300 len=7
[machine.1]      1310500 can-rx receiver=1 id=0x0200 len=2
[machine.1]      1310500 can-rx receiver=1 id=0x0300 len=7
[machine.1]      1320500 can-rx receiver=1 id=0x0200 len=2
[machine.1]      1320500 can-rx receiver=1 id=0x0300 len=7
[machine.1]      1330500 can-rx receiver=1 id=0x0200 len=2
[machine.1]      1330500 can-rx receiver=1 id=0x0300 len=7
[machine.1]      1340500 can-rx receiver=1 id=0x0200 len=2
[machine.1]      1340500 can-rx receiver=1 id=0x0300 len=7
[machine.1]      1350500 can-rx receiver=1 id=0x0200 len=2
[machine.1]      1350500 can-rx receiver=1 id=0x0300 len=7
[machine.1]      1360500 can-rx receiver=1 id=0x0200 len=2
[machine.1]      1360500 can-rx receiver=1 id=0x0300 len=7
[machine.1]      1370500 can-rx receiver=1 id=0x0200 len=2
[machine.1]      1370500 can-rx receiver=1 id=0x0300 len=7
[machine.1]      1380500 can-rx receiver=1 id=0x0200 len=2
[machine.1]      1380500 can-rx receiver=1 id=0x0300 len=7
[machine.1]      1390500 can-rx receiver=1 id=0x0200 len=2
[machine.1]      1390500 can-rx receiver=1 id=0x0300 len=7
[machine.1]      1400500 can-rx receiver=1 id=0x0200 len=2
[machine.1]      1400500 can-rx receiver=1 id=0x0300 len=7
[machine.1]      1410500 can-rx receiver=1 id=0x0200 len=2
[machine.1]      1410500 can-rx receiver=1 id=0x0300 len=7
[machine.1]      1420500 can-rx receiver=1 id=0x0200 len=2
[machine.1]      1420500 can-rx receiver=1 id=0x0300 len=7
[machine.1]      1430500 can-rx receiver=1 id=0x0200 len=2
[machine.1]      1430500 can-rx receiver=1 id=0x0300 len=7
[machine.1]      1440500 can-rx receiver=1 id=0x0200 len=2
[machine.1]      1440500 can-rx receiver=1 id=0x0300 len=7
[machine.1]      1450500 can-rx receiver=1 id=0x0200 len=2
[machine.1]      1450500 can-rx receiver=1 id=0x0300 len=7
[machine.1]      1460500 can-rx receiver=1 id=0x0200 len=2
[machine.1]      1460500 can-rx receiver=1 id=0x0300 len=7
[machine.1]      1470500 can-rx receiver=1 id=0x0200 len=2
[machine.1]      1470500 can-rx receiver=1 id=0x0300 len=7
[machine.1]      1480500 can-rx receiver=1 id=0x0200 len=2
[machine.1]      1480500 can-rx receiver=1 id=0x0300 len=7
[machine.1]      1490500 can-rx receiver=1 id=0x0200 len=2
[machine.1]      1490500 can-rx receiver=1 id=0x0300 len=7
[machine.1]      1500500 can-rx receiver=1 id=0x0200 len=2
[machine.1]      1500500 can-rx receiver=1 id=0x0300 len=7
[machine.1]      1510500 can-rx receiver=1 id=0x0200 len=2
[machine.1]      1510500 can-rx receiver=1 id=0x0300 len=7
[machine.1]      1520500 can-rx receiver=1 id=0x0200 len=2
[machine.1]      1520500 can-rx receiver=1 id=0x0300 len=7
[machine.1]      1530500 can-rx receiver=1 id=0x0200 len=2
[machine.1]      1530500 can-rx receiver=1 id=0x0300 len=7
[machine.1]      1540500 can-rx receiver=1 id=0x0200 len=2
[machine.1]      1540500 can-rx receiver=1 id=0x0300 len=7
[machine.1]      1550500 can-rx receiver=1 id=0x0200 len=2
[machine.1]      1550500 can-rx receiver=1 id=0x0300 len=7
[machine.1]      1560500 can-rx receiver=1 id=0x0200 len=2
[machine.1]      1560500 can-rx receiver=1 id=0x0300 len=7
[machine.1]      1570500 can-rx receiver=1 id=0x0200 len=2
[machine.1]      1570500 can-rx receiver=1 id=0x0300 len=7
[machine.1]      1580500 can-rx receiver=1 id=0x0200 len=2
[machine.1]      1580500 can-rx receiver=1 id=0x0300 len=7
[machine.1]      1590500 can-rx receiver=1 id=0x0200 len=2
[machine.1]      1590500 can-rx receiver=1 id=0x0300 len=7
[machine.1]      1600500 can-rx receiver=1 id=0x0200 len=2
[machine.1]      1600500 can-rx receiver=1 id=0x0300 len=7
[machine.1]      1610500 can-rx receiver=1 id=0x0200 len=2
[machine.1]      1610500 can-rx receiver=1 id=0x0300 len=7
[machine.1]      1620500 can-rx receiver=1 id=0x0200 len=2
[machine.1]      1620500 can-rx receiver=1 id=0x0300 len=7
[machine.1]      1630500 can-rx receiver=1 id=0x0200 len=2
[machine.1]      1630500 can-rx receiver=1 id=0x0300 len=7
[machine.1]      1640500 can-rx receiver=1 id=0x0200 len=2
[machine.1]      1640500 can-rx receiver=1 id=0x0300 len=7
[machine.1]      1650500 can-rx receiver=1 id=0x0200 len=2
[machine.1]      1650500 can-rx receiver=1 id=0x0300 len=7
[machine.1]      1660500 can-rx receiver=1 id=0x0200 len=2
[machine.1]      1660500 can-rx receiver=1 id=0x0300 len=7
[machine.1]      1670500 can-rx receiver=1 id=0x0200 len=2
[machine.1]      1670500 can-rx receiver=1 id=0x0300 len=7
[machine.1]      1680500 can-rx receiver=1 id=0x0200 len=2
[machine.1]      1680500 can-rx receiver=1 id=0x0300 len=7
[machine.1]      1690500 can-rx receiver=1 id=0x0200 len=2
[machine.1]      1690500 can-rx receiver=1 id=0x0300 len=7
[machine.1]      1700500 can-rx receiver=1 id=0x0200 len=2
[machine.1]      1700500 can-rx receiver=1 id=0x0300 len=7
[machine.1]      1710500 can-rx receiver=1 id=0x0200 len=2
[machine.1]      1710500 can-rx receiver=1 id=0x0300 len=7
[machine.1]      1720500 can-rx receiver=1 id=0x0200 len=2
[machine.1]      1720500 can-rx receiver=1 id=0x0300 len=7
[machine.1]      1730500 can-rx receiver=1 id=0x0200 len=2
[machine.1]      1730500 can-rx receiver=1 id=0x0300 len=7
[machine.1]      1740500 can-rx receiver=1 id=0x0200 len=2
[machine.1]      1740500 can-rx receiver=1 id=0x0300 len=7
[machine.1]      1750500 can-rx receiver=1 id=0x0200 len=2
[machine.1]      1750500 can-rx receiver=1 id=0x0300 len=7
[machine.1]      1760500 can-rx receiver=1 id=0x0200 len=2
[machine.1]      1760500 can-rx receiver=1 id=0x0300 len=7
[machine.1]      1770500 can-rx receiver=1 id=0x0200 len=2
[machine.1]      1770500 can-rx receiver=1 id=0x0300 len=7
[machine.1]      1780500 can-rx receiver=1 id=0x0200 len=2
[machine.1]      1780500 can-rx receiver=1 id=0x0300 len=7
[machine.1]      1790500 can-rx receiver=1 id=0x0200 len=2
[machine.1]      1790500 can-rx receiver=1 id=0x0300 len=7
[machine.1]      1800500 can-rx receiver=1 id=0x0200 len=2
[machine.1]      1800500 can-rx receiver=1 id=0x0300 len=7
[machine.1]      1810500 can-rx receiver=1 id=0x0200 len=2
[machine.1]      1810500 can-rx receiver=1 id=0x0300 len=7
[machine.1]      1820500 can-rx receiver=1 id=0x0200 len=2
[machine.1]      1820500 can-rx receiver=1 id=0x0300 len=7
[machine.1]      1830500 can-rx receiver=1 id=0x0200 len=2
[machine.1]      1830500 can-rx receiver=1 id=0x0300 len=7
[machine.1]      1840500 can-rx receiver=1 id=0x0200 len=2
[machine.1]      1840500 can-rx receiver=1 id=0x0300 len=7
[machine.1]      1850500 can-rx receiver=1 id=0x0200 len=2
[machine.1]      1850500 can-rx receiver=1 id=0x0300 len=7
[machine.1]      1860500 can-rx receiver=1 id=0x0200 len=2
[machine.1]      1860500 can-rx receiver=1 id=0x0300 len=7
[machine.1]      1870500 can-rx receiver=1 id=0x0200 len=2
[machine.1]      1870500 can-rx receiver=1 id=0x0300 len=7
[machine.1]      1880500 can-rx receiver=1 id=0x0200 len=2
[machine.1]      1880500 can-rx receiver=1 id=0x0300 len=7
[machine.1]      1890500 can-rx receiver=1 id=0x0200 len=2
[machine.1]      1890500 can-rx receiver=1 id=0x0300 len=7
[machine.1]      1900500 can-rx receiver=1 id=0x0200 len=2
[machine.1]      1900500 can-rx receiver=1 id=0x0300 len=7
[machine.1]      1910500 can-rx receiver=1 id=0x0200 len=2
[machine.1]      1910500 can-rx receiver=1 id=0x0300 len=7
[machine.1]      1920500 can-rx receiver=1 id=0x0200 len=2
[machine.1]      1920500 can-rx receiver=1 id=0x0300 len=7
[machine.1]      1930500 can-rx receiver=1 id=0x0200 len=2
[machine.1]      1930500 can-rx receiver=1 id=0x0300 len=7
[machine.1]      1940500 can-rx receiver=1 id=0x0200 len=2
[machine.1]      1940500 can-rx receiver=1 id=0x0300 len=7
[machine.1]      1950500 can-rx receiver=1 id=0x0200 len=2
[machine.1]      1950500 can-rx receiver=1 id=0x0300 len=7
[machine.1]      1960500 can-rx receiver=1 id=0x0200 len=2
[machine.1]      1960500 can-rx receiver=1 id=0x0300 len=7
[machine.1]      1970500 can-rx receiver=1 id=0x0200 len=2
[machine.1]      1970500 can-rx receiver=1 id=0x0300 len=7
[machine.1]      1980500 can-rx receiver=1 id=0x0200 len=2
[machine.1]      1980500 can-rx receiver=1 id=0x0300 len=7
[machine.1]      1990500 can-rx receiver=1 id=0x0200 len=2
[machine.1]      1990500 can-rx receiver=1 id=0x0300 len=7
[machine.2]        10500 can-rx receiver=2 id=0x0200 len=2
[machine.2]        10500 can-rx receiver=2 id=0x0300 len=7
[machine.2]        20500 can-rx receiver=2 id=0x0200 len=2
[machine.2]        20500 can-rx receiver=2 id=0x0300 len=7
[machine.2]        30500 can-rx receiver=2 id=0x0200 len=2
[machine.2]        30500 can-rx receiver=2 id=0x0300 len=7
[machine.2]        40500 can-rx receiver=2 id=0x0200 len=2
[machine.2]        40500 can-rx receiver=2 id=0x0300 len=7
[machine.2]        50500 can-rx receiver=2 id=0x0001 len=5
[machine.2]        50500 can-rx receiver=2 id=0x0200 len=2
[machine.2]        50500 can-rx receiver=2 id=0x0300 len=7
[machine.2]        60500 can-rx receiver=2 id=0x0200 len=2
[machine.2]        60500 can-rx receiver=2 id=0x0300 len=7
[machine.2]        70500 can-tx sender=2 id=0x0001 len=5
[machine.2]        70500 can-tx sender=2 id=0x0001 len=5
[machine.2]        70500 can-tx sender=2 id=0x0001 len=5
[machine.2]        70500 can-rx receiver=2 id=0x0200 len=2
[machine.2]        70500 can-rx receiver=2 id=0x0300 len=7
[machine.2]        80500 can-rx receiver=2 id=0x0001 len=5
[machine.2]        80500 can-rx receiver=2 id=0x0200 len=2
[machine.2]        80500 can-rx receiver=2 id=0x0300 len=7
[machine.2]        90500 can-rx receiver=2 id=0x0001 len=5
[machine.2]        90500 can-rx receiver=2 id=0x0200 len=2
[machine.2]        90500 can-rx receiver=2 id=0x0300 len=7
[machine.2]       100500 can-rx receiver=2 id=0x0200 len=2
[machine.2]       100500 can-rx receiver=2 id=0x0300 len=7
[machine.2]       110500 can-rx receiver=2 id=0x0200 len=2
[machine.2]       110500 can-rx receiver=2 id=0x0300 len=7
[machine.2]       120500 can-rx receiver=2 id=0x0200 len=2
[machine.2]       120500 can-rx receiver=2 id=0x0300 len=7
[machine.2]       130500 can-rx receiver=2 id=0x0200 len=2
[machine.2]       130500 can-rx receiver=2 id=0x0300 len=7
[machine.2]       140500 can-rx receiver=2 id=0x0200 len=2
[machine.2]       140500 can-rx receiver=2 id=0x0300 len=7
[machine.2]       150500 can-rx receiver=2 id=0x0001 len=5
[machine.2]       150500 can-rx receiver=2 id=0x0200 len=2
[machine.2]       150500 can-rx receiver=2 id=0x0300 len=7
[machine.2]       160500 can-rx receiver=2 id=0x0200 len=2
[machine.2]       160500 can-rx receiver=2 id=0x0300 len=7
[machine.2]       170500 can-rx receiver=2 id=0x0200 len=2
[machine.2]       170500 can-rx receiver=2 id=0x0300 len=7
[machine.2]       180500 can-rx receiver=2 id=0x0200 len=2
[machine.2]       180500 can-rx receiver=2 id=0x0300 len=7
[machine.2]       190500 can-rx receiver=2 id=0x0200 len=2
[machine.2]       190500 can-rx receiver=2 id=0x0300 len=7
[machine.2]       200500 can-rx receiver=2 id=0x0200 len=2
[machine.2]       200500 can-rx receiver=2 id=0x0300 len=7
[machine.2]       210500 can-rx receiver=2 id=0x0200 len=2
[machine.2]       210500 can-rx receiver=2 id=0x0300 len=7
[machine.2]       220500 can-rx receiver=2 id=0x0200 len=2
[machine.2]       220500 can-rx receiver=2 id=0x0300 len=7
[machine.2]       230500 can-rx receiver=2 id=0x0200 len=2
[machine.2]       230500 can-rx receiver=2 id=0x0300 len=7
[machine.2]       240500 can-rx receiver=2 id=0x0200 len=2
[machine.2]       240500 can-rx receiver=2 id=0x0300 len=7
[machine.2]       250500 can-rx receiver=2 id=0x0200 len=2
[machine.2]       250500 can-rx receiver=2 id=0x0300 len=7
[machine.2]       260500 can-rx receiver=2 id=0x0200 len=2
[machine.2]       260500 can-rx receiver=2 id=0x0300 len=7
[machine.2]       270500 can-rx receiver=2 id=0x0200 len=2
[machine.2]       270500 can-rx receiver=2 id=0x0300 len=7
[machine.2]       280500 can-rx receiver=2 id=0x0200 len=2
[machine.2]       280500 can-rx receiver=2 id=0x0300 len=7
[machine.2]       290500 can-rx receiver=2 id=0x0200 len=2
[machine.2]       290500 can-rx receiver=2 id=0x0300 len=7
[machine.2]       300500 can-rx receiver=2 id=0x0200 len=2
[machine.2]       300500 can-rx receiver=2 id=0x0300 len=7
[machine.2]       310500 can-rx receiver=2 id=0x0200 len=2
[machine.2]       310500 can-rx receiver=2 id=0x0300 len=7
[machine.2]       320500 can-rx receiver=2 id=0x0200 len=2
[machine.2]       320500 can-rx receiver=2 id=0x0300 len=7
[machine.2]       330500 can-rx receiver=2 id=0x0200 len=2
[machine.2]       330500 can-rx receiver=2 id=0x0300 len=7
[machine.2]       340500 can-rx receiver=2 id=0x0200 len=2
[machine.2]       340500 can-rx receiver=2 id=0x0300 len=7
[machine.2]       350500 can-rx receiver=2 id=0x0200 len=2
[machine.2]       350500 can-rx receiver=2 id=0x0300 len=7
[machine.2]       360500 can-rx receiver=2 id=0x0200 len=2
[machine.2]       360500 can-rx receiver=2 id=0x0300 len=7
[machine.2]       370500 can-rx receiver=2 id=0x0200 len=2
[machine.2]       370500 can-rx receiver=2 id=0x0300 len=7
[machine.2]       380500 can-rx receiver=2 id=0x0200 len=2
[machine.2]       380500 can-rx receiver=2 id=0x0300 len=7
[machine.2]       390500 can-rx receiver=2 id=0x0200 len=2
[machine.2]       390500 can-rx receiver=2 id=0x0300 len=7
[machine.2]       400500 can-rx receiver=2 id=0x0200 len=2
[machine.2]       400500 can-rx receiver=2 id=0x0300 len=7
[machine.2]       410500 can-rx receiver=2 id=0x0200 len=2
[machine.2]       410500 can-rx receiver=2 id=0x0300 len=7
[machine.2]       420500 can-rx receiver=2 id=0x0200 len=2
[machine.2]       420500 can-rx receiver=2 id=0x0300 len=7
[machine.2]       430500 can-rx receiver=2 id=0x0200 len=2
[machine.2]       430500 can-rx receiver=2 id=0x0300 len=7
[machine.2]       440500 can-rx receiver=2 id=0x0200 len=2
[machine.2]       440500 can-rx receiver=2 id=0x0300 len=7
[machine.2]       450500 can-rx receiver=2 id=0x0200 len=2
[machine.2]       450500 can-rx receiver=2 id=0x0300 len=7
[machine.2]       460500 can-rx receiver=2 id=0x0200 len=2
[machine.2]       460500 can-rx receiver=2 id=0x0300 len=7
[machine.2]       470500 can-rx receiver=2 id=0x0200 len=2
[machine.2]       470500 can-rx receiver=2 id=0x0300 len=7
[machine.2]       480500 can-rx receiver=2 id=0x0200 len=2
[machine.2]       480500 can-rx receiver=2 id=0x0300 len=7
[machine.2]       490500 can-rx receiver=2 id=0x0200 len=2
[machine.2]       490500 can-rx receiver=2 id=0x0300 len=7
[machine.2]       500500 can-rx receiver=2 id=0x0200 len=2
[machine.2]       500500 can-rx receiver=2 id=0x0300 len=7
[machine.2]       510500 can-rx receiver=2 id=0x0200 len=2
[machine.2]       510500 can-rx receiver=2 id=0x0300 len=7
[machine.2]       520500 can-rx receiver=2 id=0x0200 len=2
[machine.2]       520500 can-rx receiver=2 id=0x0300 len=7
[machine.2]       530500 can-rx receiver=2 id=0x0200 len=2
[machine.2]       530500 can-rx receiver=2 id=0x0300 len=7
[machine.2]       540500 can-rx receiver=2 id=0x0200 len=2
[machine.2]       540500 can-rx receiver=2 id=0x0300 len=7
[machine.2]       550500 can-rx receiver=2 id=0x0200 len=2
[machine.2]       550500 can-rx receiver=2 id=0x0300 len=7
[machine.2]       560500 can-rx receiver=2 id=0x0200 len=2
[machine.2]       560500 can-rx receiver=2 id=0x0300 len=7
[machine.2]       570500 can-rx receiver=2 id=0x0200 len=2
[machine.2]       570500 can-rx receiver=2 id=0x0300 len=7
[machine.2]       580500 can-rx receiver=2 id=0x0200 len=2
[machine.2]       580500 can-rx receiver=2 id=0x0300 len=7
[machine.2]       590500 can-rx receiver=2 id=0x0200 len=2
[machine.2]       590500 can-rx receiver=2 id=0x0300 len=7
[machine.2]       600500 can-rx receiver=2 id=0x0200 len=2
[machine.2]       600500 can-rx receiver=2 id=0x0300 len=7
[machine.2]       610500 can-rx receiver=2 id=0x0200 len=2
[machine.2]       610500 can-rx receiver=2 id=0x0300 len=7
[machine.2]       620500 can-rx receiver=2 id=0x0200 len=2
[machine.2]       620500 can-rx receiver=2 id=0x0300 len=7
[machine.2]       630500 can-rx receiver=2 id=0x0200 len=2
[machine.2]       630500 can-rx receiver=2 id=0x0300 len=7
[machine.2]       640500 can-rx receiver=2 id=0x0200 len=2
[machine.2]       640500 can-rx receiver=2 id=0x0300 len=7
[machine.2]       650500 can-rx receiver=2 id=0x0200 len=2
[machine.2]       650500 can-rx receiver=2 id=0x0300 len=7
[machine.2]       660500 can-rx receiver=2 id=0x0200 len=2
[machine.2]       660500 can-rx receiver=2 id=0x0300 len=7
[machine.2]       670500 can-rx receiver=2 id=0x0200 len=2
[machine.2]       670500 can-rx receiver=2 id=0x0300 len=7
[machine.2]       680500 can-rx receiver=2 id=0x0200 len=2
[machine.2]       680500 can-rx receiver=2 id=0x0300 len=7
[machine.2]       690500 can-rx receiver=2 id=0x0200 len=2
[machine.2]       690500 can-rx receiver=2 id=0x0300 len=7
[machine.2]       700500 can-rx receiver=2 id=0x0200 len=2
[machine.2]       700500 can-rx receiver=2 id=0x0300 len=7
[machine.2]       710500 can-rx receiver=2 id=0x0200 len=2
[machine.2]       710500 can-rx receiver=2 id=0x0300 len=7
[machine.2]       720500 can-rx receiver=2 id=0x0200 len=2
[machine.2]       720500 can-rx receiver=2 id=0x0300 len=7
[machine.2]       730500 can-rx receiver=2 id=0x0200 len=2
[machine.2]       730500 can-rx receiver=2 id=0x0300 len=7
[machine.2]       740500 can-rx receiver=2 id=0x0200 len=2
[machine.2]       740500 can-rx receiver=2 id=0x0300 len=7
[machine.2]       750500 can-rx receiver=2 id=0x0200 len=2
[machine.2]       750500 can-rx receiver=2 id=0x0300 len=7
[machine.2]       760500 can-rx receiver=2 id=0x0200 len=2
[machine.2]       760500 can-rx receiver=2 id=0x0300 len=7
[machine.2]       770500 can-rx receiver=2 id=0x0200 len=2
[machine.2]       770500 can-rx receiver=2 id=0x0300 len=7
[machine.2]       780500 can-rx receiver=2 id=0x0200 len=2
[machine.2]       780500 can-rx receiver=2 id=0x0300 len=7
[machine.2]       790500 can-rx receiver=2 id=0x0200 len=2
[machine.2]       790500 can-rx receiver=2 id=0x0300 len=7
[machine.2]       800500 can-rx receiver=2 id=0x0200 len=2
[machine.2]       800500 can-rx receiver=2 id=0x0300 len=7
[machine.2]       810500 can-rx receiver=2 id=0x0200 len=2
[machine.2]       810500 can-rx receiver=2 id=0x0300 len=7
[machine.2]       820500 can-rx receiver=2 id=0x0200 len=2
[machine.2]       820500 can-rx receiver=2 id=0x0300 len=7
[machine.2]       830500 can-rx receiver=2 id=0x0200 len=2
[machine.2]       830500 can-rx receiver=2 id=0x0300 len=7
[machine.2]       840500 can-rx receiver=2 id=0x0200 len=2
[machine.2]       840500 can-rx receiver=2 id=0x0300 len=7
[machine.2]       850500 can-rx receiver=2 id=0x0200 len=2
[machine.2]       850500 can-rx receiver=2 id=0x0300 len=7
[machine.2]       860500 can-rx receiver=2 id=0x0200 len=2
[machine.2]       860500 can-rx receiver=2 id=0x0300 len=7
[machine.2]       870500 can-rx receiver=2 id=0x0200 len=2
[machine.2]       870500 can-rx receiver=2 id=0x0300 len=7
[machine.2]       880500 can-rx receiver=2 id=0x0200 len=2
[machine.2]       880500 can-rx receiver=2 id=0x0300 len=7
[machine.2]       890500 can-rx receiver=2 id=0x0200 len=2
[machine.2]       890500 can-rx receiver=2 id=0x0300 len=7
[machine.2]       900500 can-rx receiver=2 id=0x0200 len=2
[machine.2]       900500 can-rx receiver=2 id=0x0300 len=7
[machine.2]       910500 can-rx receiver=2 id=0x0200 len=2
[machine.2]       910500 can-rx receiver=2 id=0x0300 len=7
[machine.2]       920500 can-rx receiver=2 id=0x0200 len=2
[machine.2]       920500 can-rx receiver=2 id=0x0300 len=7
[machine.2]       930500 can-rx receiver=2 id=0x0200 len=2
[machine.2]       930500 can-rx receiver=2 id=0x0300 len=7
[machine.2]       940500 can-rx receiver=2 id=0x0200 len=2
[machine.2]       940500 can-rx receiver=2 id=0x0300 len=7
[machine.2]       950500 can-rx receiver=2 id=0x0200 len=2
[machine.2]       950500 can-rx receiver=2 id=0x0300 len=7
[machine.2]       960500 can-rx receiver=2 id=0x0200 len=2
[machine.2]       960500 can-rx receiver=2 id=0x0300 len=7
[machine.2]       970500 can-rx receiver=2 id=0x0200 len=2
[machine.2]       970500 can-rx receiver=2 id=0x0300 len=7
[machine.2]       980500 can-rx receiver=2 id=0x0200 len=2
[machine.2]       980500 can-rx receiver=2 id=0x0300 len=7
[machine.2]       990500 can-rx receiver=2 id=0x0200 len=2
[machine.2]       990500 can-rx receiver=2 id=0x0300 len=7
[machine.2]      1000500 can-rx receiver=2 id=0x0200 len=2
[machine.2]      1000500 can-rx receiver=2 id=0x0300 len=7
[machine.2]      1010500 can-rx receiver=2 id=0x0200 len=2
[machine.2]      1010500 can-rx receiver=2 id=0x0300 len=7
[machine.2]      1020500 can-rx receiver=2 id=0x0200 len=2
[machine.2]      1020500 can-rx receiver=2 id=0x0300 len=7
[machine.2]      1030500 can-rx receiver=2 id=0x0200 len=2
[machine.2]      1030500 can-rx receiver=2 id=0x0300 len=7
[machine.2]      1040500 can-rx receiver=2 id=0x0200 len=2
[machine.2]      1040500 can-rx receiver=2 id=0x0300 len=7
[machine.2]      1050500 can-rx receiver=2 id=0x0200 len=2
[machine.2]      1050500 can-rx receiver=2 id=0x0300 len=7
[machine.2]      1060500 can-rx receiver=2 id=0x0200 len=2
[machine.2]      1060500 can-rx receiver=2 id=0x0300 len=7
[machine.2]      1070500 can-rx receiver=2 id=0x0200 len=2
[machine.2]      1070500 can-rx receiver=2 id=0x0300 len=7
[machine.2]      1080500 can-rx receiver=2 id=0x0200 len=2
[machine.2]      1080500 can-rx receiver=2 id=0x0300 len=7
[machine.2]      1090500 can-rx receiver=2 id=0x0200 len=2
[machine.2]      1090500 can-rx receiver=2 id=0x0300 len=7
[machine.2]      1100500 can-rx receiver=2 id=0x0200 len=2
[machine.2]      1100500 can-rx receiver=2 id=0x0300 len=7
[machine.2]      1110500 can-rx receiver=2 id=0x0200 len=2
[machine.2]      1110500 can-rx receiver=2 id=0x0300 len=7
[machine.2]      1120500 can-rx receiver=2 id=0x0200 len=2
[machine.2]      1120500 can-rx receiver=2 id=0x0300 len=7
[machine.2]      1130500 can-rx receiver=2 id=0x0200 len=2
[machine.2]      1130500 can-rx receiver=2 id=0x0300 len=7
[machine.2]      1140500 can-rx receiver=2 id=0x0200 len=2
[machine.2]      1140500 can-rx receiver=2 id=0x0300 len=7
[machine.2]      1150500 can-rx receiver=2 id=0x0200 len=2
[machine.2]      1150500 can-rx receiver=2 id=0x0300 len=7
[machine.2]      1160500 can-rx receiver=2 id=0x0200 len=2
[machine.2]      1160500 can-rx receiver=2 id=0x0300 len=7
[machine.2]      1170500 can-rx receiver=2 id=0x0200 len=2
[machine.2]      1170500 can-rx receiver=2 id=0x0300 len=7
[machine.2]      1180500 can-rx receiver=2 id=0x0200 len=2
[machine.2]      1180500 can-rx receiver=2 id=0x0300 len=7
[machine.2]      1190500 can-rx receiver=2 id=0x0200 len=2
[machine.2]      1190500 can-rx receiver=2 id=0x0300 len=7
[machine.2]      1200500 can-rx receiver=2 id=0x0200 len=2
[machine.2]      1200500 can-rx receiver=2 id=0x0300 len=7
[machine.2]      1210500 can-rx receiver=2 id=0x0200 len=2
[machine.2]      1210500 can-rx receiver=2 id=0x0300 len=7
[machine.2]      1220500 can-rx receiver=2 id=0x0200 len=2
[machine.2]      1220500 can-rx receiver=2 id=0x0300 len=7
[machine.2]      1230500 can-rx receiver=2 id=0x0200 len=2
[machine.2]      1230500 can-rx receiver=2 id=0x0300 len=7
[machine.2]      1240500 can-rx receiver=2 id=0x0200 len=2
[machine.2]      1240500 can-rx receiver=2 id=0x0300 len=7
[machine.2]      1250500 can-rx receiver=2 id=0x0200 len=2
[machine.2]      1250500 can-rx receiver=2 id=0x0300 len=7
[machine.2]      1260500 can-rx receiver=2 id=0x0200 len=2
[machine.2]      1260500 can-rx receiver=2 id=0x0300 len=7
[machine.2]      1270500 can-rx receiver=2 id=0x0200 len=2
[machine.2]      1270500 can-rx receiver=2 id=0x0300 len=7
[machine.2]      1280500 can-rx receiver=2 id=0x0200 len=2
[machine.2]      1280500 can-rx receiver=2 id=0x0300 len=7
[machine.2]      1290500 can-rx receiver=2 id=0x0200 len=2
[machine.2]      1290500 can-rx receiver=2 id=0x0300 len=7
[machine.2]      1300500 can-rx receiver=2 id=0x0200 len=2
[machine.2]      1300500 can-rx receiver=2 id=0x0300 len=7
[machine.2]      1310500 can-rx receiver=2 id=0x0200 len=2
[machine.2]      1310500 can-rx receiver=2 id=0x0300 len=7
[machine.2]      1320500 can-rx receiver=2 id=0x0200 len=2
[machine.2]      1320500 can-rx receiver=2 id=0x0300 len=7
[machine.2]      1330500 can-rx receiver=2 id=0x0200 len=2
[machine.2]      1330500 can-rx receiver=2 id=0x0300 len=7
[machine.2]      1340500 can-rx receiver=2 id=0x0200 len=2
[machine.2]      1340500 can-rx receiver=2 id=0x0300 len=7
[machine.2]      1350500 can-rx receiver=2 id=0x0200 len=2
[machine.2]      1350500 can-rx receiver=2 id=0x0300 len=7
[machine.2]      1360500 can-rx receiver=2 id=0x0200 len=2
[machine.2]      1360500 can-rx receiver=2 id=0x0300 len=7
[machine.2]      1370500 can-rx receiver=2 id=0x0200 len=2
[machine.2]      1370500 can-rx receiver=2 id=0x0300 len=7
[machine.2]      1380500 can-rx receiver=2 id=0x0200 len=2
[machine.2]      1380500 can-rx receiver=2 id=0x0300 len=7
[machine.2]      1390500 can-rx receiver=2 id=0x0200 len=2
[machine.2]      1390500 can-rx receiver=2 id=0x0300 len=7
[machine.2]      1400500 can-rx receiver=2 id=0x0200 len=2
[machine.2]      1400500 can-rx receiver=2 id=0x0300 len=7
[machine.2]      1410500 can-rx receiver=2 id=0x0200 len=2
[machine.2]      1410500 can-rx receiver=2 id=0x0300 len=7
[machine.2]      1420500 can-rx receiver=2 id=0x0200 len=2
[machine.2]      1420500 can-rx receiver=2 id=0x0300 len=7
[machine.2]      1430500 can-rx receiver=2 id=0x0200 len=2
[machine.2]      1430500 can-rx receiver=2 id=0x0300 len=7
[machine.2]      1440500 can-rx receiver=2 id=0x0200 len=2
[machine.2]      1440500 can-rx receiver=2 id=0x0300 len=7
[machine.2]      1450500 can-rx receiver=2 id=0x0200 len=2
[machine.2]      1450500 can-rx receiver=2 id=0x0300 len=7
[machine.2]      1460500 can-rx receiver=2 id=0x0200 len=2
[machine.2]      1460500 can-rx receiver=2 id=0x0300 len=7
[machine.2]      1470500 can-rx receiver=2 id=0x0200 len=2
[machine.2]      1470500 can-rx receiver=2 id=0x0300 len=7
[machine.2]      1480500 can-rx receiver=2 id=0x0200 len=2
[machine.2]      1480500 can-rx receiver=2 id=0x0300 len=7
[machine.2]      1490500 can-rx receiver=2 id=0x0200 len=2
[machine.2]      1490500 can-rx receiver=2 id=0x0300 len=7
[machine.2]      1500500 can-rx receiver=2 id=0x0200 len=2
[machine.2]      1500500 can-rx receiver=2 id=0x0300 len=7
[machine.2]      1510500 can-rx receiver=2 id=0x0200 len=2
[machine.2]      1510500 can-rx receiver=2 id=0x0300 len=7
[machine.2]      1520500 can-rx receiver=2 id=0x0200 len=2
[machine.2]      1520500 can-rx receiver=2 id=0x0300 len=7
[machine.2]      1530500 can-rx receiver=2 id=0x0200 len=2
[machine.2]      1530500 can-rx receiver=2 id=0x0300 len=7
[machine.2]      1540500 can-rx receiver=2 id=0x0200 len=2
[machine.2]      1540500 can-rx receiver=2 id=0x0300 len=7
[machine.2]      1550500 can-rx receiver=2 id=0x0200 len=2
[machine.2]      1550500 can-rx receiver=2 id=0x0300 len=7
[machine.2]      1560500 can-rx receiver=2 id=0x0200 len=2
[machine.2]      1560500 can-rx receiver=2 id=0x0300 len=7
[machine.2]      1570500 can-rx receiver=2 id=0x0200 len=2
[machine.2]      1570500 can-rx receiver=2 id=0x0300 len=7
[machine.2]      1580500 can-rx receiver=2 id=0x0200 len=2
[machine.2]      1580500 can-rx receiver=2 id=0x0300 len=7
[machine.2]      1590500 can-rx receiver=2 id=0x0200 len=2
[machine.2]      1590500 can-rx receiver=2 id=0x0300 len=7
[machine.2]      1600500 can-rx receiver=2 id=0x0200 len=2
[machine.2]      1600500 can-rx receiver=2 id=0x0300 len=7
[machine.2]      1610500 can-rx receiver=2 id=0x0200 len=2
[machine.2]      1610500 can-rx receiver=2 id=0x0300 len=7
[machine.2]      1620500 can-rx receiver=2 id=0x0200 len=2
[machine.2]      1620500 can-rx receiver=2 id=0x0300 len=7
[machine.2]      1630500 can-rx receiver=2 id=0x0200 len=2
[machine.2]      1630500 can-rx receiver=2 id=0x0300 len=7
[machine.2]      1640500 can-rx receiver=2 id=0x0200 len=2
[machine.2]      1640500 can-rx receiver=2 id=0x0300 len=7
[machine.2]      1650500 can-rx receiver=2 id=0x0200 len=2
[machine.2]      1650500 can-rx receiver=2 id=0x0300 len=7
[machine.2]      1660500 can-rx receiver=2 id=0x0200 len=2
[machine.2]      1660500 can-rx receiver=2 id=0x0300 len=7
[machine.2]      1670500 can-rx receiver=2 id=0x0200 len=2
[machine.2]      1670500 can-rx receiver=2 id=0x0300 len=7
[machine.2]      1680500 can-rx receiver=2 id=0x0200 len=2
[machine.2]      1680500 can-rx receiver=2 id=0x0300 len=7
[machine.2]      1690500 can-rx receiver=2 id=0x0200 len=2
[machine.2]      1690500 can-rx receiver=2 id=0x0300 len=7
[machine.2]      1700500 can-rx receiver=2 id=0x0200 len=2
[machine.2]      1700500 can-rx receiver=2 id=0x0300 len=7
[machine.2]      1710500 can-rx receiver=2 id=0x0200 len=2
[machine.2]      1710500 can-rx receiver=2 id=0x0300 len=7
[machine.2]      1720500 can-rx receiver=2 id=0x0200 len=2
[machine.2]      1720500 can-rx receiver=2 id=0x0300 len=7
[machine.2]      1730500 can-rx receiver=2 id=0x0200 len=2
[machine.2]      1730500 can-rx receiver=2 id=0x0300 len=7
[machine.2]      1740500 can-rx receiver=2 id=0x0200 len=2
[machine.2]      1740500 can-rx receiver=2 id=0x0300 len=7
[machine.2]      1750500 can-rx receiver=2 id=0x0200 len=2
[machine.2]      1750500 can-rx receiver=2 id=0x0300 len=7
[machine.2]      1760500 can-rx receiver=2 id=0x0200 len=2
[machine.2]      1760500 can-rx receiver=2 id=0x0300 len=7
[machine.2]      1770500 can-rx receiver=2 id=0x0200 len=2
[machine.2]      1770500 can-rx receiver=2 id=0x0300 len=7
[machine.2]      1780500 can-rx receiver=2 id=0x0200 len=2
[machine.2]      1780500 can-rx receiver=2 id=0x0300 len=7
[machine.2]      1790500 can-rx receiver=2 id=0x0200 len=2
[machine.2]      1790500 can-rx receiver=2 id=0x0300 len=7
[machine.2]      1800500 can-rx receiver=2 id=0x0200 len=2
[machine.2]      1800500 can-rx receiver=2 id=0x0300 len=7
[machine.2]      1810500 can-rx receiver=2 id=0x0200 len=2
[machine.2]      1810500 can-rx receiver=2 id=0x0300 len=7
[machine.2]      1820500 can-rx receiver=2 id=0x0200 len=2
[machine.2]      1820500 can-rx receiver=2 id=0x0300 len=7
[machine.2]      1830500 can-rx receiver=2 id=0x0200 len=2
[machine.2]      1830500 can-rx receiver=2 id=0x0300 len=7
[machine.2]      1840500 can-rx receiver=2 id=0x0200 len=2
[machine.2]      1840500 can-rx receiver=2 id=0x0300 len=7
[machine.2]      1850500 can-rx receiver=2 id=0x0200 len=2
[machine.2]      1850500 can-rx receiver=2 id=0x0300 len=7
[machine.2]      1860500 can-rx receiver=2 id=0x0200 len=2
[machine.2]      1860500 can-rx receiver=2 id=0x0300 len=7
[machine.2]      1870500 can-rx receiver=2 id=0x0200 len=2
[machine.2]      1870500 can-rx receiver=2 id=0x0300 len=7
[machine.2]      1880500 can-rx receiver=2 id=0x0200 len=2
[machine.2]      1880500 can-rx receiver=2 id=0x0300 len=7
[machine.2]      1890500 can-rx receiver=2 id=0x0200 len=2
[machine.2]      1890500 can-rx receiver=2 id=0x0300 len=7
[machine.2]      1900500 can-rx receiver=2 id=0x0200 len=2
[machine.2]      1900500 can-rx receiver=2 id=0x0300 len=7
[machine.2]      1910500 can-rx receiver=2 id=0x0200 len=2
[machine.2]      1910500 can-rx receiver=2 id=0x0300 len=7
[machine.2]      1920500 can-rx receiver=2 id=0x0200 len=2
[machine.2]      1920500 can-rx receiver=2 id=0x0300 len=7
[machine.2]      1930500 can-rx receiver=2 id=0x0200 len=2
[machine.2]      1930500 can-rx receiver=2 id=0x0300 len=7
[machine.2]      1940500 can-rx receiver=2 id=0x0200 len=2
[machine.2]      1940500 can-rx receiver=2 id=0x0300 len=7
[machine.2]      1950500 can-rx receiver=2 id=0x0200 len=2
[machine.2]      1950500 can-rx receiver=2 id=0x0300 len=7
[machine.2]      1960500 can-rx receiver=2 id=0x0200 len=2
[machine.2]      1960500 can-rx receiver=2 id=0x0300 len=7
[machine.2]      1970500 can-rx receiver=2 id=0x0200 len=2
[machine.2]      1970500 can-rx receiver=2 id=0x0300 len=7
[machine.2]      1980500 can-rx receiver=2 id=0x0200 len=2
[machine.2]      1980500 can-rx receiver=2 id=0x0300 len=7
[machine.2]      1990500 can-rx receiver=2 id=0x0200 len=2
[machine.2]      1990500 can-rx receiver=2 id=0x0300 len=7
[machine.3]        10500 can-rx receiver=3 id=0x0200 len=2
[machine.3]        10500 can-rx receiver=3 id=0x0300 len=7
[machine.3]        20500 can-rx receiver=3 id=0x0200 len=2
[machine.3]        20500 can-rx receiver=3 id=0x0300 len=7
[machine.3]        30500 can-rx receiver=3 id=0x0200 len=2
[machine.3]        30500 can-rx receiver=3 id=0x0300 len=7
[machine.3]        40500 can-rx receiver=3 id=0x0200 len=2
[machine.3]        40500 can-rx receiver=3 id=0x0300 len=7
[machine.3]        50500 can-rx receiver=3 id=0x0001 len=5
[machine.3]        50500 can-rx receiver=3 id=0x0200 len=2
[machine.3]        50500 can-rx receiver=3 id=0x0300 len=7
[machine.3]        60500 can-rx receiver=3 id=0x0200 len=2
[machine.3]        60500 can-rx receiver=3 id=0x0300 len=7
[machine.3]        70500 can-rx receiver=3 id=0x0001 len=5
[machine.3]        70500 can-rx receiver=3 id=0x0200 len=2
[machine.3]        70500 can-rx receiver=3 id=0x0300 len=7
[machine.3]        80500 can-tx sender=3 id=0x0001 len=5
[machine.3]        80500 can-tx sender=3 id=0x0001 len=5
[machine.3]        80500 can-tx sender=3 id=0x0001 len=5
[machine.3]        80500 can-rx receiver=3 id=0x0200 len=2
[machine.3]        80500 can-rx receiver=3 id=0x0300 len=7
[machine.3]        90500 can-rx receiver=3 id=0x0001 len=5
[machine.3]        90500 can-rx receiver=3 id=0x0200 len=2
[machine.3]        90500 can-rx receiver=3 id=0x0300 len=7
[machine.3]       100500 can-rx receiver=3 id=0x0200 len=2
[machine.3]       100500 can-rx receiver=3 id=0x0300 len=7
[machine.3]       110500 can-rx receiver=3 id=0x0200 len=2
[machine.3]       110500 can-rx receiver=3 id=0x0300 len=7
[machine.3]       120500 can-rx receiver=3 id=0x0200 len=2
[machine.3]       120500 can-rx receiver=3 id=0x0300 len=7
[machine.3]       130500 can-rx receiver=3 id=0x0200 len=2
[machine.3]       130500 can-rx receiver=3 id=0x0300 len=7
[machine.3]       140500 can-rx receiver=3 id=0x0200 len=2
[machine.3]       140500 can-rx receiver=3 id=0x0300 len=7
[machine.3]       150500 can-rx receiver=3 id=0x0001 len=5
[machine.3]       150500 can-rx receiver=3 id=0x0200 len=2
[machine.3]       150500 can-rx receiver=3 id=0x0300 len=7
[machine.3]       160500 can-rx receiver=3 id=0x0200 len=2
[machine.3]       160500 can-rx receiver=3 id=0x0300 len=7
[machine.3]       170500 can-rx receiver=3 id=0x0200 len=2
[machine.3]       170500 can-rx receiver=3 id=0x0300 len=7
[machine.3]       180500 can-rx receiver=3 id=0x0200 len=2
[machine.3]       180500 can-rx receiver=3 id=0x0300 len=7
[machine.3]       190500 can-rx receiver=3 id=0x0200 len=2
[machine.3]       190500 can-rx receiver=3 id=0x0300 len=7
[machine.3]       200500 can-rx receiver=3 id=0x0200 len=2
[machine.3]       200500 can-rx receiver=3 id=0x0300 len=7
[machine.3]       210500 can-rx receiver=3 id=0x0200 len=2
[machine.3]       210500 can-rx receiver=3 id=0x0300 len=7
[machine.3]       220500 can-rx receiver=3 id=0x0200 len=2
[machine.3]       220500 can-rx receiver=3 id=0x0300 len=7
[machine.3]       230500 can-rx receiver=3 id=0x0200 len=2
[machine.3]       230500 can-rx receiver=3 id=0x0300 len=7
[machine.3]       240500 can-rx receiver=3 id=0x0200 len=2
[machine.3]       240500 can-rx receiver=3 id=0x0300 len=7
[machine.3]       250500 can-rx receiver=3 id=0x0200 len=2
[machine.3]       250500 can-rx receiver=3 id=0x0300 len=7
[machine.3]       260500 can-rx receiver=3 id=0x0200 len=2
[machine.3]       260500 can-rx receiver=3 id=0x0300 len=7
[machine.3]       270500 can-rx receiver=3 id=0x0200 len=2
[machine.3]       270500 can-rx receiver=3 id=0x0300 len=7
[machine.3]       280500 can-rx receiver=3 id=0x0200 len=2
[machine.3]       280500 can-rx receiver=3 id=0x0300 len=7
[machine.3]       290500 can-rx receiver=3 id=0x0200 len=2
[machine.3]       290500 can-rx receiver=3 id=0x0300 len=7
[machine.3]       300500 can-rx receiver=3 id=0x0200 len=2
[machine.3]       300500 can-rx receiver=3 id=0x0300 len=7
[machine.3]       310500 can-rx receiver=3 id=0x0200 len=2
[machine.3]       310500 can-rx receiver=3 id=0x0300 len=7
[machine.3]       320500 can-rx receiver=3 id=0x0200 len=2
[machine.3]       320500 can-rx receiver=3 id=0x0300 len=7
[machine.3]       330500 can-rx receiver=3 id=0x0200 len=2
[machine.3]       330500 can-rx receiver=3 id=0x0300 len=7
[machine.3]       340500 can-rx receiver=3 id=0x0200 len=2
[machine.3]       340500 can-rx receiver=3 id=0x0300 len=7
[machine.3]       350500 can-rx receiver=3 id=0x0200 len=2
[machine.3]       350500 can-rx receiver=3 id=0x0300 len=7
[machine.3]       360500 can-rx receiver=3 id=0x0200 len=2
[machine.3]       360500 can-rx receiver=3 id=0x0300 len=7
[machine.3]       370500 can-rx receiver=3 id=0x0200 len=2
[machine.3]       370500 can-rx receiver=3 id=0x0300 len=7
[machine.3]       380500 can-rx receiver=3 id=0x0200 len=2
[machine.3]       380500 can-rx receiver=3 id=0x0300 len=7
[machine.3]       390500 can-rx receiver=3 id=0x0200 len=2
[machine.3]       390500 can-rx receiver=3 id=0x0300 len=7
[machine.3]       400500 can-rx receiver=3 id=0x0200 len=2
[machine.3]       400500 can-rx receiver=3 id=0x0300 len=7
[machine.3]       410500 can-rx receiver=3 id=0x0200 len=2
[machine.3]       410500 can-rx receiver=3 id=0x0300 len=7
[machine.3]       420500 can-rx receiver=3 id=0x0200 len=2
[machine.3]       420500 can-rx receiver=3 id=0x0300 len=7
[machine.3]       430500 can-rx receiver=3 id=0x0200 len=2
[machine.3]       430500 can-rx receiver=3 id=0x0300 len=7
[machine.3]       440500 can-rx receiver=3 id=0x0200 len=2
[machine.3]       440500 can-rx receiver=3 id=0x0300 len=7
[machine.3]       450500 can-rx receiver=3 id=0x0200 len=2
[machine.3]       450500 can-rx receiver=3 id=0x0300 len=7
[machine.3]       460500 can-rx receiver=3 id=0x0200 len=2
[machine.3]       460500 can-rx receiver=3 id=0x0300 len=7
[machine.3]       470500 can-rx receiver=3 id=0x0200 len=2
[machine.3]       470500 can-rx receiver=3 id=0x0300 len=7
[machine.3]       480500 can-rx receiver=3 id=0x0200 len=2
[machine.3]       480500 can-rx receiver=3 id=0x0300 len=7
[machine.3]       490500 can-rx receiver=3 id=0x0200 len=2
[machine.3]       490500 can-rx receiver=3 id=0x0300 len=7
[machine.3]       500500 can-rx receiver=3 id=0x0200 len=2
[machine.3]       500500 can-rx receiver=3 id=0x0300 len=7
[machine.3]       510500 can-rx receiver=3 id=0x0200 len=2
[machine.3]       510500 can-rx receiver=3 id=0x0300 len=7
[machine.3]       520500 can-rx receiver=3 id=0x0200 len=2
[machine.3]       520500 can-rx receiver=3 id=0x0300 len=7
[machine.3]       530500 can-rx receiver=3 id=0x0200 len=2
[machine.3]       530500 can-rx receiver=3 id=0x0300 len=7
[machine.3]       540500 can-rx receiver=3 id=0x0200 len=2
[machine.3]       540500 can-rx receiver=3 id=0x0300 len=7
[machine.3]       550500 can-rx receiver=3 id=0x0200 len=2
[machine.3]       550500 can-rx receiver=3 id=0x0300 len=7
[machine.3]       560500 can-rx receiver=3 id=0x0200 len=2
[machine.3]       560500 can-rx receiver=3 id=0x0300 len=7
[machine.3]       570500 can-rx receiver=3 id=0x0200 len=2
[machine.3]       570500 can-rx receiver=3 id=0x0300 len=7
[machine.3]       580500 can-rx receiver=3 id=0x0200 len=2
[machine.3]       580500 can-rx receiver=3 id=0x0300 len=7
[machine.3]       590500 can-rx receiver=3 id=0x0200 len=2
[machine.3]       590500 can-rx receiver=3 id=0x0300 len=7
[machine.3]       600500 can-rx receiver=3 id=0x0200 len=2
[machine.3]       600500 can-rx receiver=3 id=0x0300 len=7
[machine.3]       610500 can-rx receiver=3 id=0x0200 len=2
[machine.3]       610500 can-rx receiver=3 id=0x0300 len=7
[machine.3]       620500 can-rx receiver=3 id=0x0200 len=2
[machine.3]       620500 can-rx receiver=3 id=0x0300 len=7
[machine.3]       630500 can-rx receiver=3 id=0x0200 len=2
[machine.3]       630500 can-rx receiver=3 id=0x0300 len=7
[machine.3]       640500 can-rx receiver=3 id=0x0200 len=2
[machine.3]       640500 can-rx receiver=3 id=0x0300 len=7
[machine.3]       650500 can-rx receiver=3 id=0x0200 len=2
[machine.3]       650500 can-rx receiver=3 id=0x0300 len=7
[machine.3]       660500 can-rx receiver=3 id=0x0200 len=2
[machine.3]       660500 can-rx receiver=3 id=0x0300 len=7
[machine.3]       670500 can-rx receiver=3 id=0x0200 len=2
[machine.3]       670500 can-rx receiver=3 id=0x0300 len=7
[machine.3]       680500 can-rx receiver=3 id=0x0200 len=2
[machine.3]       680500 can-rx receiver=3 id=0x0300 len=7
[machine.3]       690500 can-rx receiver=3 id=0x0200 len=2
[machine.3]       690500 can-rx receiver=3 id=0x0300 len=7
[machine.3]       700500 can-rx receiver=3 id=0x0200 len=2
[machine.3]       700500 can-rx receiver=3 id=0x0300 len=7
[machine.3]       710500 can-rx receiver=3 id=0x0200 len=2
[machine.3]       710500 can-rx receiver=3 id=0x0300 len=7
[machine.3]       720500 can-rx receiver=3 id=0x0200 len=2
[machine.3]       720500 can-rx receiver=3 id=0x0300 len=7
[machine.3]       730500 can-rx receiver=3 id=0x0200 len=2
[machine.3]       730500 can-rx receiver=3 id=0x0300 len=7
[machine.3]       740500 can-rx receiver=3 id=0x0200 len=2
[machine.3]       740500 can-rx receiver=3 id=0x0300 len=7
[machine.3]       750500 can-rx receiver=3 id=0x0200 len=2
[machine.3]       750500 can-rx receiver=3 id=0x0300 len=7
[machine.3]       760500 can-rx receiver=3 id=0x0200 len=2
[machine.3]       760500 can-rx receiver=3 id=0x0300 len=7
[machine.3]       770500 can-rx receiver=3 id=0x0200 len=2
[machine.3]       770500 can-rx receiver=3 id=0x0300 len=7
[machine.3]       780500 can-rx receiver=3 id=0x0200 len=2
[machine.3]       780500 can-rx receiver=3 id=0x0300 len=7
[machine.3]       790500 can-rx receiver=3 id=0x0200 len=2
[machine.3]       790500 can-rx receiver=3 id=0x0300 len=7
[machine.3]       800500 can-rx receiver=3 id=0x0200 len=2
[machine.3]       800500 can-rx receiver=3 id=0x0300 len=7
[machine.3]       810500 can-rx receiver=3 id=0x0200 len=2
[machine.3]       810500 can-rx receiver=3 id=0x0300 len=7
[machine.3]       820500 can-rx receiver=3 id=0x0200 len=2
[machine.3]       820500 can-rx receiver=3 id=0x0300 len=7
[machine.3]       830500 can-rx receiver=3 id=0x0200 len=2
[machine.3]       830500 can-rx receiver=3 id=0x0300 len=7
[machine.3]       840500 can-rx receiver=3 id=0x0200 len=2
[machine.3]       840500 can-rx receiver=3 id=0x0300 len=7
[machine.3]       850500 can-rx receiver=3 id=0x0200 len=2
[machine.3]       850500 can-rx receiver=3 id=0x0300 len=7
[machine.3]       860500 can-rx receiver=3 id=0x0200 len=2
[machine.3]       860500 can-rx receiver=3 id=0x0300 len=7
[machine.3]       870500 can-rx receiver=3 id=0x0200 len=2
[machine.3]       870500 can-rx receiver=3 id=0x0300 len=7
[machine.3]       880500 can-rx receiver=3 id=0x0200 len=2
[machine.3]       880500 can-rx receiver=3 id=0x0300 len=7
[machine.3]       890500 can-rx receiver=3 id=0x0200 len=2
[machine.3]       890500 can-rx receiver=3 id=0x0300 len=7
[machine.3]       900500 can-rx receiver=3 id=0x0200 len=2
[machine.3]       900500 can-rx receiver=3 id=0x0300 len=7
[machine.3]       910500 can-rx receiver=3 id=0x0200 len=2
[machine.3]       910500 can-rx receiver=3 id=0x0300 len=7
[machine.3]       920500 can-rx receiver=3 id=0x0200 len=2
[machine.3]       920500 can-rx receiver=3 id=0x0300 len=7
[machine.3]       930500 can-rx receiver=3 id=0x0200 len=2
[machine.3]       930500 can-rx receiver=3 id=0x0300 len=7
[machine.3]       940500 can-rx receiver=3 id=0x0200 len=2
[machine.3]       940500 can-rx receiver=3 id=0x0300 len=7
[machine.3]       950500 can-rx receiver=3 id=0x0200 len=2
[machine.3]       950500 can-rx receiver=3 id=0x0300 len=7
[machine.3]       960500 can-rx receiver=3 id=0x0200 len=2
[machine.3]       960500 can-rx receiver=3 id=0x0300 len=7
[machine.3]       970500 can-rx receiver=3 id=0x0200 len=2
[machine.3]       970500 can-rx receiver=3 id=0x0300 len=7
[machine.3]       980500 can-rx receiver=3 id=0x0200 len=2
[machine.3]       980500 can-rx receiver=3 id=0x0300 len=7
[machine.3]       990500 can-rx receiver=3 id=0x0200 len=2
[machine.3]       990500 can-rx receiver=3 id=0x0300 len=7
[machine.3]      1000500 can-rx receiver=3 id=0x0200 len=2
[machine.3]      1000500 can-rx receiver=3 id=0x0300 len=7
[machine.3]      1010500 can-rx receiver=3 id=0x0200 len=2
[machine.3]      1010500 can-rx receiver=3 id=0x0300 len=7
[machine.3]      1020500 can-rx receiver=3 id=0x0200 len=2
[machine.3]      1020500 can-rx receiver=3 id=0x0300 len=7
[machine.3]      1030500 can-rx receiver=3 id=0x0200 len=2
[machine.3]      1030500 can-rx receiver=3 id=0x0300 len=7
[machine.3]      1040500 can-rx receiver=3 id=0x0200 len=2
[machine.3]      1040500 can-rx receiver=3 id=0x0300 len=7
[machine.3]      1050500 can-rx receiver=3 id=0x0200 len=2
[machine.3]      1050500 can-rx receiver=3 id=0x0300 len=7
[machine.3]      1060500 can-rx receiver=3 id=0x0200 len=2
[machine.3]      1060500 can-rx receiver=3 id=0x0300 len=7
[machine.3]      1070500 can-rx receiver=3 id=0x0200 len=2
[machine.3]      1070500 can-rx receiver=3 id=0x0300 len=7
[machine.3]      1080500 can-rx receiver=3 id=0x0200 len=2
[machine.3]      1080500 can-rx receiver=3 id=0x0300 len=7
[machine.3]      1090500 can-rx receiver=3 id=0x0200 len=2
[machine.3]      1090500 can-rx receiver=3 id=0x0300 len=7
[machine.3]      1100500 can-rx receiver=3 id=0x0200 len=2
[machine.3]      1100500 can-rx receiver=3 id=0x0300 len=7
[machine.3]      1110500 can-rx receiver=3 id=0x0200 len=2
[machine.3]      1110500 can-rx receiver=3 id=0x0300 len=7
[machine.3]      1120500 can-rx receiver=3 id=0x0200 len=2
[machine.3]      1120500 can-rx receiver=3 id=0x0300 len=7
[machine.3]      1130500 can-rx receiver=3 id=0x0200 len=2
[machine.3]      1130500 can-rx receiver=3 id=0x0300 len=7
[machine.3]      1140500 can-rx receiver=3 id=0x0200 len=2
[machine.3]      1140500 can-rx receiver=3 id=0x0300 len=7
[machine.3]      1150500 can-rx receiver=3 id=0x0200 len=2
[machine.3]      1150500 can-rx receiver=3 id=0x0300 len=7
[machine.3]      1160500 can-rx receiver=3 id=0x0200 len=2
[machine.3]      1160500 can-rx receiver=3 id=0x0300 len=7
[machine.3]      1170500 can-rx receiver=3 id=0x0200 len=2
[machine.3]      1170500 can-rx receiver=3 id=0x0300 len=7
[machine.3]      1180500 can-rx receiver=3 id=0x0200 len=2
[machine.3]      1180500 can-rx receiver=3 id=0x0300 len=7
[machine.3]      1190500 can-rx receiver=3 id=0x0200 len=2
[machine.3]      1190500 can-rx receiver=3 id=0x0300 len=7
[machine.3]      1200500 can-rx receiver=3 id=0x0200 len=2
[machine.3]      1200500 can-rx receiver=3 id=0x0300 len=7
[machine.3]      1210500 can-rx receiver=3 id=0x0200 len=2
[machine.3]      1210500 can-rx receiver=3 id=0x0300 len=7
[machine.3]      1220500 can-rx receiver=3 id=0x0200 len=2
[machine.3]      1220500 can-rx receiver=3 id=0x0300 len=7
[machine.3]      1230500 can-rx receiver=3 id=0x0200 len=2
[machine.3]      1230500 can-rx receiver=3 id=0x0300 len=7
[machine.3]      1240500 can-rx receiver=3 id=0x0200 len=2
[machine.3]      1240500 can-rx receiver=3 id=0x0300 len=7
[machine.3]      1250500 can-rx receiver=3 id=0x0200 len=2
[machine.3]      1250500 can-rx receiver=3 id=0x0300 len=7
[machine.3]      1260500 can-rx receiver=3 id=0x0200 len=2
[machine.3]      1260500 can-rx receiver=3 id=0x0300 len=7
[machine.3]      1270500 can-rx receiver=3 id=0x0200 len=2
[machine.3]      1270500 can-rx receiver=3 id=0x0300 len=7
[machine.3]      1280500 can-rx receiver=3 id=0x0200 len=2
[machine.3]      1280500 can-rx receiver=3 id=0x0300 len=7
[machine.3]      1290500 can-rx receiver=3 id=0x0200 len=2
[machine.3]      1290500 can-rx receiver=3 id=0x0300 len=7
[machine.3]      1300500 can-rx receiver=3 id=0x0200 len=2
[machine.3]      1300500 can-rx receiver=3 id=0x0300 len=7
[machine.3]      1310500 can-rx receiver=3 id=0x0200 len=2
[machine.3]      1310500 can-rx receiver=3 id=0x0300 len=7
[machine.3]      1320500 can-rx receiver=3 id=0x0200 len=2
[machine.3]      1320500 can-rx receiver=3 id=0x0300 len=7
[machine.3]      1330500 can-rx receiver=3 id=0x0200 len=2
[machine.3]      1330500 can-rx receiver=3 id=0x0300 len=7
[machine.3]      1340500 can-rx receiver=3 id=0x0200 len=2
[machine.3]      1340500 can-rx receiver=3 id=0x0300 len=7
[machine.3]      1350500 can-rx receiver=3 id=0x0200 len=2
[machine.3]      1350500 can-rx receiver=3 id=0x0300 len=7
[machine.3]      1360500 can-rx receiver=3 id=0x0200 len=2
[machine.3]      1360500 can-rx receiver=3 id=0x0300 len=7
[machine.3]      1370500 can-rx receiver=3 id=0x0200 len=2
[machine.3]      1370500 can-rx receiver=3 id=0x0300 len=7
[machine.3]      1380500 can-rx receiver=3 id=0x0200 len=2
[machine.3]      1380500 can-rx receiver=3 id=0x0300 len=7
[machine.3]      1390500 can-rx receiver=3 id=0x0200 len=2
[machine.3]      1390500 can-rx receiver=3 id=0x0300 len=7
[machine.3]      1400500 can-rx receiver=3 id=0x0200 len=2
[machine.3]      1400500 can-rx receiver=3 id=0x0300 len=7
[machine.3]      1410500 can-rx receiver=3 id=0x0200 len=2
[machine.3]      1410500 can-rx receiver=3 id=0x0300 len=7
[machine.3]      1420500 can-rx receiver=3 id=0x0200 len=2
[machine.3]      1420500 can-rx receiver=3 id=0x0300 len=7
[machine.3]      1430500 can-rx receiver=3 id=0x0200 len=2
[machine.3]      1430500 can-rx receiver=3 id=0x0300 len=7
[machine.3]      1440500 can-rx receiver=3 id=0x0200 len=2
[machine.3]      1440500 can-rx receiver=3 id=0x0300 len=7
[machine.3]      1450500 can-rx receiver=3 id=0x0200 len=2
[machine.3]      1450500 can-rx receiver=3 id=0x0300 len=7
[machine.3]      1460500 can-rx receiver=3 id=0x0200 len=2
[machine.3]      1460500 can-rx receiver=3 id=0x0300 len=7
[machine.3]      1470500 can-rx receiver=3 id=0x0200 len=2
[machine.3]      1470500 can-rx receiver=3 id=0x0300 len=7
[machine.3]      1480500 can-rx receiver=3 id=0x0200 len=2
[machine.3]      1480500 can-rx receiver=3 id=0x0300 len=7
[machine.3]      1490500 can-rx receiver=3 id=0x0200 len=2
[machine.3]      1490500 can-rx receiver=3 id=0x0300 len=7
[machine.3]      1500500 can-rx receiver=3 id=0x0200 len=2
[machine.3]      1500500 can-rx receiver=3 id=0x0300 len=7
[machine.3]      1510500 can-rx receiver=3 id=0x0200 len=2
[machine.3]      1510500 can-rx receiver=3 id=0x0300 len=7
[machine.3]      1520500 can-rx receiver=3 id=0x0200 len=2
[machine.3]      1520500 can-rx receiver=3 id=0x0300 len=7
[machine.3]      1530500 can-rx receiver=3 id=0x0200 len=2
[machine.3]      1530500 can-rx receiver=3 id=0x0300 len=7
[machine.3]      1540500 can-rx receiver=3 id=0x0200 len=2
[machine.3]      1540500 can-rx receiver=3 id=0x0300 len=7
[machine.3]      1550500 can-rx receiver=3 id=0x0200 len=2
[machine.3]      1550500 can-rx receiver=3 id=0x0300 len=7
[machine.3]      1560500 can-rx receiver=3 id=0x0200 len=2
[machine.3]      1560500 can-rx receiver=3 id=0x0300 len=7
[machine.3]      1570500 can-rx receiver=3 id=0x0200 len=2
[machine.3]      1570500 can-rx receiver=3 id=0x0300 len=7
[machine.3]      1580500 can-rx receiver=3 id=0x0200 len=2
[machine.3]      1580500 can-rx receiver=3 id=0x0300 len=7
[machine.3]      1590500 can-rx receiver=3 id=0x0200 len=2
[machine.3]      1590500 can-rx receiver=3 id=0x0300 len=7
[machine.3]      1600500 can-rx receiver=3 id=0x0200 len=2
[machine.3]      1600500 can-rx receiver=3 id=0x0300 len=7
[machine.3]      1610500 can-rx receiver=3 id=0x0200 len=2
[machine.3]      1610500 can-rx receiver=3 id=0x0300 len=7
[machine.3]      1620500 can-rx receiver=3 id=0x0200 len=2
[machine.3]      1620500 can-rx receiver=3 id=0x0300 len=7
[machine.3]      1630500 can-rx receiver=3 id=0x0200 len=2
[machine.3]      1630500 can-rx receiver=3 id=0x0300 len=7
[machine.3]      1640500 can-rx receiver=3 id=0x0200 len=2
[machine.3]      1640500 can-rx receiver=3 id=0x0300 len=7
[machine.3]      1650500 can-rx receiver=3 id=0x0200 len=2
[machine.3]      1650500 can-rx receiver=3 id=0x0300 len=7
[machine.3]      1660500 can-rx receiver=3 id=0x0200 len=2
[machine.3]      1660500 can-rx receiver=3 id=0x0300 len=7
[machine.3]      1670500 can-rx receiver=3 id=0x0200 len=2
[machine.3]      1670500 can-rx receiver=3 id=0x0300 len=7
[machine.3]      1680500 can-rx receiver=3 id=0x0200 len=2
[machine.3]      1680500 can-rx receiver=3 id=0x0300 len=7
[machine.3]      1690500 can-rx receiver=3 id=0x0200 len=2
[machine.3]      1690500 can-rx receiver=3 id=0x0300 len=7
[machine.3]      1700500 can-rx receiver=3 id=0x0200 len=2
[machine.3]      1700500 can-rx receiver=3 id=0x0300 len=7
[machine.3]      1710500 can-rx receiver=3 id=0x0200 len=2
[machine.3]      1710500 can-rx receiver=3 id=0x0300 len=7
[machine.3]      1720500 can-rx receiver=3 id=0x0200 len=2
[machine.3]      1720500 can-rx receiver=3 id=0x0300 len=7
[machine.3]      1730500 can-rx receiver=3 id=0x0200 len=2
[machine.3]      1730500 can-rx receiver=3 id=0x0300 len=7
[machine.3]      1740500 can-rx receiver=3 id=0x0200 len=2
[machine.3]      1740500 can-rx receiver=3 id=0x0300 len=7
[machine.3]      1750500 can-rx receiver=3 id=0x0200 len=2
[machine.3]      1750500 can-rx receiver=3 id=0x0300 len=7
[machine.3]      1760500 can-rx receiver=3 id=0x0200 len=2
[machine.3]      1760500 can-rx receiver=3 id=0x0300 len=7
[machine.3]      1770500 can-rx receiver=3 id=0x0200 len=2
[machine.3]      1770500 can-rx receiver=3 id=0x0300 len=7
[machine.3]      1780500 can-rx receiver=3 id=0x0200 len=2
[machine.3]      1780500 can-rx receiver=3 id=0x0300 len=7
[machine.3]      1790500 can-rx receiver=3 id=0x0200 len=2
[machine.3]      1790500 can-rx receiver=3 id=0x0300 len=7
[machine.3]      1800500 can-rx receiver=3 id=0x0200 len=2
[machine.3]      1800500 can-rx receiver=3 id=0x0300 len=7
[machine.3]      1810500 can-rx receiver=3 id=0x0200 len=2
[machine.3]      1810500 can-rx receiver=3 id=0x0300 len=7
[machine.3]      1820500 can-rx receiver=3 id=0x0200 len=2
[machine.3]      1820500 can-rx receiver=3 id=0x0300 len=7
[machine.3]      1830500 can-rx receiver=3 id=0x0200 len=2
[machine.3]      1830500 can-rx receiver=3 id=0x0300 len=7
[machine.3]      1840500 can-rx receiver=3 id=0x0200 len=2
[machine.3]      1840500 can-rx receiver=3 id=0x0300 len=7
[machine.3]      1850500 can-rx receiver=3 id=0x0200 len=2
[machine.3]      1850500 can-rx receiver=3 id=0x0300 len=7
[machine.3]      1860500 can-rx receiver=3 id=0x0200 len=2
[machine.3]      1860500 can-rx receiver=3 id=0x0300 len=7
[machine.3]      1870500 can-rx receiver=3 id=0x0200 len=2
[machine.3]      1870500 can-rx receiver=3 id=0x0300 len=7
[machine.3]      1880500 can-rx receiver=3 id=0x0200 len=2
[machine.3]      1880500 can-rx receiver=3 id=0x0300 len=7
[machine.3]      1890500 can-rx receiver=3 id=0x0200 len=2
[machine.3]      1890500 can-rx receiver=3 id=0x0300 len=7
[machine.3]      1900500 can-rx receiver=3 id=0x0200 len=2
[machine.3]      1900500 can-rx receiver=3 id=0x0300 len=7
[machine.3]      1910500 can-rx receiver=3 id=0x0200 len=2
[machine.3]      1910500 can-rx receiver=3 id=0x0300 len=7
[machine.3]      1920500 can-rx receiver=3 id=0x0200 len=2
[machine.3]      1920500 can-rx receiver=3 id=0x0300 len=7
[machine.3]      1930500 can-rx receiver=3 id=0x0200 len=2
[machine.3]      1930500 can-rx receiver=3 id=0x0300 len=7
[machine.3]      1940500 can-rx receiver=3 id=0x0200 len=2
[machine.3]      1940500 can-rx receiver=3 id=0x0300 len=7
[machine.3]      1950500 can-rx receiver=3 id=0x0200 len=2
[machine.3]      1950500 can-rx receiver=3 id=0x0300 len=7
[machine.3]      1960500 can-rx receiver=3 id=0x0200 len=2
[machine.3]      1960500 can-rx receiver=3 id=0x0300 len=7
[machine.3]      1970500 can-rx receiver=3 id=0x0200 len=2
[machine.3]      1970500 can-rx receiver=3 id=0x0300 len=7
[machine.3]      1980500 can-rx receiver=3 id=0x0200 len=2
[machine.3]      1980500 can-rx receiver=3 id=0x0300 len=7
[machine.3]      1990500 can-rx receiver=3 id=0x0200 len=2
[machine.3]      1990500 can-rx receiver=3 id=0x0300 len=7
[machine.4]        10500 can-rx receiver=4 id=0x0200 len=2
[machine.4]        10500 can-rx receiver=4 id=0x0300 len=7
[machine.4]        20500 can-rx receiver=4 id=0x0200 len=2
[machine.4]        20500 can-rx receiver=4 id=0x0300 len=7
[machine.4]        30500 can-rx receiver=4 id=0x0200 len=2
[machine.4]        30500 can-rx receiver=4 id=0x0300 len=7
[machine.4]        40500 can-rx receiver=4 id=0x0200 len=2
[machine.4]        40500 can-rx receiver=4 id=0x0300 len=7
[machine.4]        50500 can-rx receiver=4 id=0x0001 len=5
[machine.4]        50500 can-rx receiver=4 id=0x0200 len=2
[machine.4]        50500 can-rx receiver=4 id=0x0300 len=7
[machine.4]        60500 can-rx receiver=4 id=0x0200 len=2
[machine.4]        60500 can-rx receiver=4 id=0x0300 len=7
[machine.4]        70500 can-rx receiver=4 id=0x0001 len=5
[machine.4]        70500 can-rx receiver=4 id=0x0200 len=2
[machine.4]        70500 can-rx receiver=4 id=0x0300 len=7
[machine.4]        80500 can-rx receiver=4 id=0x0001 len=5
[machine.4]        80500 can-rx receiver=4 id=0x0200 len=2
[machine.4]        80500 can-rx receiver=4 id=0x0300 len=7
[machine.4]        90500 can-tx sender=4 id=0x0001 len=5
[machine.4]        90500 can-tx sender=4 id=0x0001 len=5
[machine.4]        90500 can-tx sender=4 id=0x0001 len=5
[machine.4]        90500 can-rx receiver=4 id=0x0200 len=2
[machine.4]        90500 can-rx receiver=4 id=0x0300 len=7
[machine.4]       100500 can-rx receiver=4 id=0x0200 len=2
[machine.4]       100500 can-rx receiver=4 id=0x0300 len=7
[machine.4]       110500 can-rx receiver=4 id=0x0200 len=2
[machine.4]       110500 can-rx receiver=4 id=0x0300 len=7
[machine.4]       120500 can-rx receiver=4 id=0x0200 len=2
[machine.4]       120500 can-rx receiver=4 id=0x0300 len=7
[machine.4]       130500 can-rx receiver=4 id=0x0200 len=2
[machine.4]       130500 can-rx receiver=4 id=0x0300 len=7
[machine.4]       140500 can-rx receiver=4 id=0x0200 len=2
[machine.4]       140500 can-rx receiver=4 id=0x0300 len=7
[machine.4]       150500 can-rx receiver=4 id=0x0001 len=5
[machine.4]       150500 can-rx receiver=4 id=0x0200 len=2
[machine.4]       150500 can-rx receiver=4 id=0x0300 len=7
[machine.4]       160500 can-rx receiver=4 id=0x0200 len=2
[machine.4]       160500 can-rx receiver=4 id=0x0300 len=7
[machine.4]       170500 can-rx receiver=4 id=0x0200 len=2
[machine.4]       170500 can-rx receiver=4 id=0x0300 len=7
[machine.4]       180500 can-rx receiver=4 id=0x0200 len=2
[machine.4]       180500 can-rx receiver=4 id=0x0300 len=7
[machine.4]       190500 can-rx receiver=4 id=0x0200 len=2
[machine.4]       190500 can-rx receiver=4 id=0x0300 len=7
[machine.4]       200500 can-rx receiver=4 id=0x0200 len=2
[machine.4]       200500 can-rx receiver=4 id=0x0300 len=7
[machine.4]       210500 can-rx receiver=4 id=0x0200 len=2
[machine.4]       210500 can-rx receiver=4 id=0x0300 len=7
[machine.4]       220500 can-rx receiver=4 id=0x0200 len=2
[machine.4]       220500 can-rx receiver=4 id=0x0300 len=7
[machine.4]       230500 can-rx receiver=4 id=0x0200 len=2
[machine.4]       230500 can-rx receiver=4 id=0x0300 len=7
[machine.4]       240500 can-rx receiver=4 id=0x0200 len=2
[machine.4]       240500 can-rx receiver=4 id=0x0300 len=7
[machine.4]       250500 can-rx receiver=4 id=0x0200 len=2
[machine.4]       250500 can-rx receiver=4 id=0x0300 len=7
[machine.4]       260500 can-rx receiver=4 id=0x0200 len=2
[machine.4]       260500 can-rx receiver=4 id=0x0300 len=7
[machine.4]       270500 can-rx receiver=4 id=0x0200 len=2
[machine.4]       270500 can-rx receiver=4 id=0x0300 len=7
[machine.4]       280500 can-rx receiver=4 id=0x0200 len=2
[machine.4]       280500 can-rx receiver=4 id=0x0300 len=7
[machine.4]       290500 can-rx receiver=4 id=0x0200 len=2
[machine.4]       290500 can-rx receiver=4 id=0x0300 len=7
[machine.4]       300500 can-rx receiver=4 id=0x0200 len=2
[machine.4]       300500 can-rx receiver=4 id=0x0300 len=7
[machine.4]       310500 can-rx receiver=4 id=0x0200 len=2
[machine.4]       310500 can-rx receiver=4 id=0x0300 len=7
[machine.4]       320500 can-rx receiver=4 id=0x0200 len=2
[machine.4]       320500 can-rx receiver=4 id=0x0300 len=7
[machine.4]       330500 can-rx receiver=4 id=0x0200 len=2
[machine.4]       330500 can-rx receiver=4 id=0x0300 len=7
[machine.4]       340500 can-rx receiver=4 id=0x0200 len=2
[machine.4]       340500 can-rx receiver=4 id=0x0300 len=7
[machine.4]       350500 can-rx receiver=4 id=0x0200 len=2
[machine.4]       350500 can-rx receiver=4 id=0x0300 len=7
[machine.4]       360500 can-rx receiver=4 id=0x0200 len=2
[machine.4]       360500 can-rx receiver=4 id=0x0300 len=7
[machine.4]       370500 can-rx receiver=4 id=0x0200 len=2
[machine.4]       370500 can-rx receiver=4 id=0x0300 len=7
[machine.4]       380500 can-rx receiver=4 id=0x0200 len=2
[machine.4]       380500 can-rx receiver=4 id=0x0300 len=7
[machine.4]       390500 can-rx receiver=4 id=0x0200 len=2
[machine.4]       390500 can-rx receiver=4 id=0x0300 len=7
[machine.4]       400500 can-rx receiver=4 id=0x0200 len=2
[machine.4]       400500 can-rx receiver=4 id=0x0300 len=7
[machine.4]       410500 can-rx receiver=4 id=0x0200 len=2
[machine.4]       410500 can-rx receiver=4 id=0x0300 len=7
[machine.4]       420500 can-rx receiver=4 id=0x0200 len=2
[machine.4]       420500 can-rx receiver=4 id=0x0300 len=7
[machine.4]       430500 can-rx receiver=4 id=0x0200 len=2
[machine.4]       430500 can-rx receiver=4 id=0x0300 len=7
[machine.4]       440500 can-rx receiver=4 id=0x0200 len=2
[machine.4]       440500 can-rx receiver=4 id=0x0300 len=7
[machine.4]       450500 can-rx receiver=4 id=0x0200 len=2
[machine.4]       450500 can-rx receiver=4 id=0x0300 len=7
[machine.4]       460500 can-rx receiver=4 id=0x0200 len=2
[machine.4]       460500 can-rx receiver=4 id=0x0300 len=7
[machine.4]       470500 can-rx receiver=4 id=0x0200 len=2
[machine.4]       470500 can-rx receiver=4 id=0x0300 len=7
[machine.4]       480500 can-rx receiver=4 id=0x0200 len=2
[machine.4]       480500 can-rx receiver=4 id=0x0300 len=7
[machine.4]       490500 can-rx receiver=4 id=0x0200 len=2
[machine.4]       490500 can-rx receiver=4 id=0x0300 len=7
[machine.4]       500500 can-rx receiver=4 id=0x0200 len=2
[machine.4]       500500 can-rx receiver=4 id=0x0300 len=7
[machine.4]       510500 can-rx receiver=4 id=0x0200 len=2
[machine.4]       510500 can-rx receiver=4 id=0x0300 len=7
[machine.4]       520500 can-rx receiver=4 id=0x0200 len=2
[machine.4]       520500 can-rx receiver=4 id=0x0300 len=7
[machine.4]       530500 can-rx receiver=4 id=0x0200 len=2
[machine.4]       530500 can-rx receiver=4 id=0x0300 len=7
[machine.4]       540500 can-rx receiver=4 id=0x0200 len=2
[machine.4]       540500 can-rx receiver=4 id=0x0300 len=7
[machine.4]       550500 can-rx receiver=4 id=0x0200 len=2
[machine.4]       550500 can-rx receiver=4 id=0x0300 len=7
[machine.4]       560500 can-rx receiver=4 id=0x0200 len=2
[machine.4]       560500 can-rx receiver=4 id=0x0300 len=7
[machine.4]       570500 can-rx receiver=4 id=0x0200 len=2
[machine.4]       570500 can-rx receiver=4 id=0x0300 len=7
[machine.4]       580500 can-rx receiver=4 id=0x0200 len=2
[machine.4]       580500 can-rx receiver=4 id=0x0300 len=7
[machine.4]       590500 can-rx receiver=4 id=0x0200 len=2
[machine.4]       590500 can-rx receiver=4 id=0x0300 len=7
[machine.4]       600500 can-rx receiver=4 id=0x0200 len=2
[machine.4]       600500 can-rx receiver=4 id=0x0300 len=7
[machine.4]       610500 can-rx receiver=4 id=0x0200 len=2
[machine.4]       610500 can-rx receiver=4 id=0x0300 len=7
[machine.4]       620500 can-rx receiver=4 id=0x0200 len=2
[machine.4]       620500 can-rx receiver=4 id=0x0300 len=7
[machine.4]       630500 can-rx receiver=4 id=0x0200 len=2
[machine.4]       630500 can-rx receiver=4 id=0x0300 len=7
[machine.4]       640500 can-rx receiver=4 id=0x0200 len=2
[machine.4]       640500 can-rx receiver=4 id=0x0300 len=7
[machine.4]       650500 can-rx receiver=4 id=0x0200 len=2
[machine.4]       650500 can-rx receiver=4 id=0x0300 len=7
[machine.4]       660500 can-rx receiver=4 id=0x0200 len=2
[machine.4]       660500 can-rx receiver=4 id=0x0300 len=7
[machine.4]       670500 can-rx receiver=4 id=0x0200 len=2
[machine.4]       670500 can-rx receiver=4 id=0x0300 len=7
[machine.4]       680500 can-rx receiver=4 id=0x0200 len=2
[machine.4]       680500 can-rx receiver=4 id=0x0300 len=7
[machine.4]       690500 can-rx receiver=4 id=0x0200 len=2
[machine.4]       690500 can-rx receiver=4 id=0x0300 len=7
[machine.4]       700500 can-rx receiver=4 id=0x0200 len=2
[machine.4]       700500 can-rx receiver=4 id=0x0300 len=7
[machine.4]       710500 can-rx receiver=4 id=0x0200 len=2
[machine.4]       710500 can-rx receiver=4 id=0x0300 len=7
[machine.4]       720500 can-rx receiver=4 id=0x0200 len=2
[machine.4]       720500 can-rx receiver=4 id=0x0300 len=7
[machine.4]       730500 can-rx receiver=4 id=0x0200 len=2
[machine.4]       730500 can-rx receiver=4 id=0x0300 len=7
[machine.4]       740500 can-rx receiver=4 id=0x0200 len=2
[machine.4]       740500 can-rx receiver=4 id=0x0300 len=7
[machine.4]       750500 can-rx receiver=4 id=0x0200 len=2
[machine.4]       750500 can-rx receiver=4 id=0x0300 len=7
[machine.4]       760500 can-rx receiver=4 id=0x0200 len=2
[machine.4]       760500 can-rx receiver=4 id=0x0300 len=7
[machine.4]       770500 can-rx receiver=4 id=0x0200 len=2
[machine.4]       770500 can-rx receiver=4 id=0x0300 len=7
[machine.4]       780500 can-rx receiver=4 id=0x0200 len=2
[machine.4]       780500 can-rx receiver=4 id=0x0300 len=7
[machine.4]       790500 can-rx receiver=4 id=0x0200 len=2
[machine.4]       790500 can-rx receiver=4 id=0x0300 len=7
[machine.4]       800500 can-rx receiver=4 id=0x0200 len=2
[machine.4]       800500 can-rx receiver=4 id=0x0300 len=7
[machine.4]       810500 can-rx receiver=4 id=0x0200 len=2
[machine.4]       810500 can-rx receiver=4 id=0x0300 len=7
[machine.4]       820500 can-rx receiver=4 id=0x0200 len=2
[machine.4]       820500 can-rx receiver=4 id=0x0300 len=7
[machine.4]       830500 can-rx receiver=4 id=0x0200 len=2
[machine.4]       830500 can-rx receiver=4 id=0x0300 len=7
[machine.4]       840500 can-rx receiver=4 id=0x0200 len=2
[machine.4]       840500 can-rx receiver=4 id=0x0300 len=7
[machine.4]       850500 can-rx receiver=4 id=0x0200 len=2
[machine.4]       850500 can-rx receiver=4 id=0x0300 len=7
[machine.4]       860500 can-rx receiver=4 id=0x0200 len=2
[machine.4]       860500 can-rx receiver=4 id=0x0300 len=7
[machine.4]       870500 can-rx receiver=4 id=0x0200 len=2
[machine.4]       870500 can-rx receiver=4 id=0x0300 len=7
[machine.4]       880500 can-rx receiver=4 id=0x0200 len=2
[machine.4]       880500 can-rx receiver=4 id=0x0300 len=7
[machine.4]       890500 can-rx receiver=4 id=0x0200 len=2
[machine.4]       890500 can-rx receiver=4 id=0x0300 len=7
[machine.4]       900500 can-rx receiver=4 id=0x0200 len=2
[machine.4]       900500 can-rx receiver=4 id=0x0300 len=7
[machine.4]       910500 can-rx receiver=4 id=0x0200 len=2
[machine.4]       910500 can-rx receiver=4 id=0x0300 len=7
[machine.4]       920500 can-rx receiver=4 id=0x0200 len=2
[machine.4]       920500 can-rx receiver=4 id=0x0300 len=7
[machine.4]       930500 can-rx receiver=4 id=0x0200 len=2
[machine.4]       930500 can-rx receiver=4 id=0x0300 len=7
[machine.4]       940500 can-rx receiver=4 id=0x0200 len=2
[machine.4]       940500 can-rx receiver=4 id=0x0300 len=7
[machine.4]       950500 can-rx receiver=4 id=0x0200 len=2
[machine.4]       950500 can-rx receiver=4 id=0x0300 len=7
[machine.4]       960500 can-rx receiver=4 id=0x0200 len=2
[machine.4]       960500 can-rx receiver=4 id=0x0300 len=7
[machine.4]       970500 can-rx receiver=4 id=0x0200 len=2
[machine.4]       970500 can-rx receiver=4 id=0x0300 len=7
[machine.4]       980500 can-rx receiver=4 id=0x0200 len=2
[machine.4]       980500 can-rx receiver=4 id=0x0300 len=7
[machine.4]       990500 can-rx receiver=4 id=0x0200 len=2
[machine.4]       990500 can-rx receiver=4 id=0x0300 len=7
[machine.4]      1000500 can-rx receiver=4 id=0x0200 len=2
[machine.4]      1000500 can-rx receiver=4 id=0x0300 len=7
[machine.4]      1010500 can-rx receiver=4 id=0x0200 len=2
[machine.4]      1010500 can-rx receiver=4 id=0x0300 len=7
[machine.4]      1020500 can-rx receiver=4 id=0x0200 len=2
[machine.4]      1020500 can-rx receiver=4 id=0x0300 len=7
[machine.4]      1030500 can-rx receiver=4 id=0x0200 len=2
[machine.4]      1030500 can-rx receiver=4 id=0x0300 len=7
[machine.4]      1040500 can-rx receiver=4 id=0x0200 len=2
[machine.4]      1040500 can-rx receiver=4 id=0x0300 len=7
[machine.4]      1050500 can-rx receiver=4 id=0x0200 len=2
[machine.4]      1050500 can-rx receiver=4 id=0x0300 len=7
[machine.4]      1060500 can-rx receiver=4 id=0x0200 len=2
[machine.4]      1060500 can-rx receiver=4 id=0x0300 len=7
[machine.4]      1070500 can-rx receiver=4 id=0x0200 len=2
[machine.4]      1070500 can-rx receiver=4 id=0x0300 len=7
[machine.4]      1080500 can-rx receiver=4 id=0x0200 len=2
[machine.4]      1080500 can-rx receiver=4 id=0x0300 len=7
[machine.4]      1090500 can-rx receiver=4 id=0x0200 len=2
[machine.4]      1090500 can-rx receiver=4 id=0x0300 len=7
[machine.4]      1100500 can-rx receiver=4 id=0x0200 len=2
[machine.4]      1100500 can-rx receiver=4 id=0x0300 len=7
[machine.4]      1110500 can-rx receiver=4 id=0x0200 len=2
[machine.4]      1110500 can-rx receiver=4 id=0x0300 len=7
[machine.4]      1120500 can-rx receiver=4 id=0x0200 len=2
[machine.4]      1120500 can-rx receiver=4 id=0x0300 len=7
[machine.4]      1130500 can-rx receiver=4 id=0x0200 len=2
[machine.4]      1130500 can-rx receiver=4 id=0x0300 len=7
[machine.4]      1140500 can-rx receiver=4 id=0x0200 len=2
[machine.4]      1140500 can-rx receiver=4 id=0x0300 len=7
[machine.4]      1150500 can-rx receiver=4 id=0x0200 len=2
[machine.4]      1150500 can-rx receiver=4 id=0x0300 len=7
[machine.4]      1160500 can-rx receiver=4 id=0x0200 len=2
[machine.4]      1160500 can-rx receiver=4 id=0x0300 len=7
[machine.4]      1170500 can-rx receiver=4 id=0x0200 len=2
[machine.4]      1170500 can-rx receiver=4 id=0x0300 len=7
[machine.4]      1180500 can-rx receiver=4 id=0x0200 len=2
[machine.4]      1180500 can-rx receiver=4 id=0x0300 len=7
[machine.4]      1190500 can-rx receiver=4 id=0x0200 len=2
[machine.4]      1190500 can-rx receiver=4 id=0x0300 len=7
[machine.4]      1200500 can-rx receiver=4 id=0x0200 len=2
[machine.4]      1200500 can-rx receiver=4 id=0x0300 len=7
[machine.4]      1210500 can-rx receiver=4 id=0x0200 len=2
[machine.4]      1210500 can-rx receiver=4 id=0x0300 len=7
[machine.4]      1220500 can-rx receiver=4 id=0x0200 len=2
[machine.4]      1220500 can-rx receiver=4 id=0x0300 len=7
[machine.4]      1230500 can-rx receiver=4 id=0x0200 len=2
[machine.4]      1230500 can-rx receiver=4 id=0x0300 len=7
[machine.4]      1240500 can-rx receiver=4 id=0x0200 len=2
[machine.4]      1240500 can-rx receiver=4 id=0x0300 len=7
[machine.4]      1250500 can-rx receiver=4 id=0x0200 len=2
[machine.4]      1250500 can-rx receiver=4 id=0x0300 len=7
[machine.4]      1260500 can-rx receiver=4 id=0x0200 len=2
[machine.4]      1260500 can-rx receiver=4 id=0x0300 len=7
[machine.4]      1270500 can-rx receiver=4 id=0x0200 len=2
[machine.4]      1270500 can-rx receiver=4 id=0x0300 len=7
[machine.4]      1280500 can-rx receiver=4 id=0x0200 len=2
[machine.4]      1280500 can-rx receiver=4 id=0x0300 len=7
[machine.4]      1290500 can-rx receiver=4 id=0x0200 len=2
[machine.4]      1290500 can-rx receiver=4 id=0x0300 len=7
[machine.4]      1300500 can-rx receiver=4 id=0x0200 len=2
[machine.4]      1300500 can-rx receiver=4 id=0x0300 len=7
[machine.4]      1310500 can-rx receiver=4 id=0x0200 len=2
[machine.4]      1310500 can-rx receiver=4 id=0x0300 len=7
[machine.4]      1320500 can-rx receiver=4 id=0x0200 len=2
[machine.4]      1320500 can-rx receiver=4 id=0x0300 len=7
[machine.4]      1330500 can-rx receiver=4 id=0x0200 len=2
[machine.4]      1330500 can-rx receiver=4 id=0x0300 len=7
[machine.4]      1340500 can-rx receiver=4 id=0x0200 len=2
[machine.4]      1340500 can-rx receiver=4 id=0x0300 len=7
[machine.4]      1350500 can-rx receiver=4 id=0x0200 len=2
[machine.4]      1350500 can-rx receiver=4 id=0x0300 len=7
[machine.4]      1360500 can-rx receiver=4 id=0x0200 len=2
[machine.4]      1360500 can-rx receiver=4 id=0x0300 len=7
[machine.4]      1370500 can-rx receiver=4 id=0x0200 len=2
[machine.4]      1370500 can-rx receiver=4 id=0x0300 len=7
[machine.4]      1380500 can-rx receiver=4 id=0x0200 len=2
[machine.4]      1380500 can-rx receiver=4 id=0x0300 len=7
[machine.4]      1390500 can-rx receiver=4 id=0x0200 len=2
[machine.4]      1390500 can-rx receiver=4 id=0x0300 len=7
[machine.4]      1400500 can-rx receiver=4 id=0x0200 len=2
[machine.4]      1400500 can-rx receiver=4 id=0x0300 len=7
[machine.4]      1410500 can-rx receiver=4 id=0x0200 len=2
[machine.4]      1410500 can-rx receiver=4 id=0x0300 len=7
[machine.4]      1420500 can-rx receiver=4 id=0x0200 len=2
[machine.4]      1420500 can-rx receiver=4 id=0x0300 len=7
[machine.4]      1430500 can-rx receiver=4 id=0x0200 len=2
[machine.4]      1430500 can-rx receiver=4 id=0x0300 len=7
[machine.4]      1440500 can-rx receiver=4 id=0x0200 len=2
[machine.4]      1440500 can-rx receiver=4 id=0x0300 len=7
[machine.4]      1450500 can-rx receiver=4 id=0x0200 len=2
[machine.4]      1450500 can-rx receiver=4 id=0x0300 len=7
[machine.4]      1460500 can-rx receiver=4 id=0x0200 len=2
[machine.4]      1460500 can-rx receiver=4 id=0x0300 len=7
[machine.4]      1470500 can-rx receiver=4 id=0x0200 len=2
[machine.4]      1470500 can-rx receiver=4 id=0x0300 len=7
[machine.4]      1480500 can-rx receiver=4 id=0x0200 len=2
[machine.4]      1480500 can-rx receiver=4 id=0x0300 len=7
[machine.4]      1490500 can-rx receiver=4 id=0x0200 len=2
[machine.4]      1490500 can-rx receiver=4 id=0x0300 len=7
[machine.4]      1500500 can-rx receiver=4 id=0x0200 len=2
[machine.4]      1500500 can-rx receiver=4 id=0x0300 len=7
[machine.4]      1510500 can-rx receiver=4 id=0x0200 len=2
[machine.4]      1510500 can-rx receiver=4 id=0x0300 len=7
[machine.4]      1520500 can-rx receiver=4 id=0x0200 len=2
[machine.4]      1520500 can-rx receiver=4 id=0x0300 len=7
[machine.4]      1530500 can-rx receiver=4 id=0x0200 len=2
[machine.4]      1530500 can-rx receiver=4 id=0x0300 len=7
[machine.4]      1540500 can-rx receiver=4 id=0x0200 len=2
[machine.4]      1540500 can-rx receiver=4 id=0x0300 len=7
[machine.4]      1550500 can-rx receiver=4 id=0x0200 len=2
[machine.4]      1550500 can-rx receiver=4 id=0x0300 len=7
[machine.4]      1560500 can-rx receiver=4 id=0x0200 len=2
[machine.4]      1560500 can-rx receiver=4 id=0x0300 len=7
[machine.4]      1570500 can-rx receiver=4 id=0x0200 len=2
[machine.4]      1570500 can-rx receiver=4 id=0x0300 len=7
[machine.4]      1580500 can-rx receiver=4 id=0x0200 len=2
[machine.4]      1580500 can-rx receiver=4 id=0x0300 len=7
[machine.4]      1590500 can-rx receiver=4 id=0x0200 len=2
[machine.4]      1590500 can-rx receiver=4 id=0x0300 len=7
[machine.4]      1600500 can-rx receiver=4 id=0x0200 len=2
[machine.4]      1600500 can-rx receiver=4 id=0x0300 len=7
[machine.4]      1610500 can-rx receiver=4 id=0x0200 len=2
[machine.4]      1610500 can-rx receiver=4 id=0x0300 len=7
[machine.4]      1620500 can-rx receiver=4 id=0x0200 len=2
[machine.4]      1620500 can-rx receiver=4 id=0x0300 len=7
[machine.4]      1630500 can-rx receiver=4 id=0x0200 len=2
[machine.4]      1630500 can-rx receiver=4 id=0x0300 len=7
[machine.4]      1640500 can-rx receiver=4 id=0x0200 len=2
[machine.4]      1640500 can-rx receiver=4 id=0x0300 len=7
[machine.4]      1650500 can-rx receiver=4 id=0x0200 len=2
[machine.4]      1650500 can-rx receiver=4 id=0x0300 len=7
[machine.4]      1660500 can-rx receiver=4 id=0x0200 len=2
[machine.4]      1660500 can-rx receiver=4 id=0x0300 len=7
[machine.4]      1670500 can-rx receiver=4 id=0x0200 len=2
[machine.4]      1670500 can-rx receiver=4 id=0x0300 len=7
[machine.4]      1680500 can-rx receiver=4 id=0x0200 len=2
[machine.4]      1680500 can-rx receiver=4 id=0x0300 len=7
[machine.4]      1690500 can-rx receiver=4 id=0x0200 len=2
[machine.4]      1690500 can-rx receiver=4 id=0x0300 len=7
[machine.4]      1700500 can-rx receiver=4 id=0x0200 len=2
[machine.4]      1700500 can-rx receiver=4 id=0x0300 len=7
[machine.4]      1710500 can-rx receiver=4 id=0x0200 len=2
[machine.4]      1710500 can-rx receiver=4 id=0x0300 len=7
[machine.4]      1720500 can-rx receiver=4 id=0x0200 len=2
[machine.4]      1720500 can-rx receiver=4 id=0x0300 len=7
[machine.4]      1730500 can-rx receiver=4 id=0x0200 len=2
[machine.4]      1730500 can-rx receiver=4 id=0x0300 len=7
[machine.4]      1740500 can-rx receiver=4 id=0x0200 len=2
[machine.4]      1740500 can-rx receiver=4 id=0x0300 len=7
[machine.4]      1750500 can-rx receiver=4 id=0x0200 len=2
[machine.4]      1750500 can-rx receiver=4 id=0x0300 len=7
[machine.4]      1760500 can-rx receiver=4 id=0x0200 len=2
[machine.4]      1760500 can-rx receiver=4 id=0x0300 len=7
[machine.4]      1770500 can-rx receiver=4 id=0x0200 len=2
[machine.4]      1770500 can-rx receiver=4 id=0x0300 len=7
[machine.4]      1780500 can-rx receiver=4 id=0x0200 len=2
[machine.4]      1780500 can-rx receiver=4 id=0x0300 len=7
[machine.4]      1790500 can-rx receiver=4 id=0x0200 len=2
[machine.4]      1790500 can-rx receiver=4 id=0x0300 len=7
[machine.4]      1800500 can-rx receiver=4 id=0x0200 len=2
[machine.4]      1800500 can-rx receiver=4 id=0x0300 len=7
[machine.4]      1810500 can-rx receiver=4 id=0x0200 len=2
[machine.4]      1810500 can-rx receiver=4 id=0x0300 len=7
[machine.4]      1820500 can-rx receiver=4 id=0x0200 len=2
[machine.4]      1820500 can-rx receiver=4 id=0x0300 len=7
[machine.4]      1830500 can-rx receiver=4 id=0x0200 len=2
[machine.4]      1830500 can-rx receiver=4 id=0x0300 len=7
[machine.4]      1840500 can-rx receiver=4 id=0x0200 len=2
[machine.4]      1840500 can-rx receiver=4 id=0x0300 len=7
[machine.4]      1850500 can-rx receiver=4 id=0x0200 len=2
[machine.4]      1850500 can-rx receiver=4 id=0x0300 len=7
[machine.4]      1860500 can-rx receiver=4 id=0x0200 len=2
[machine.4]      1860500 can-rx receiver=4 id=0x0300 len=7
[machine.4]      1870500 can-rx receiver=4 id=0x0200 len=2
[machine.4]      1870500 can-rx receiver=4 id=0x0300 len=7
[machine.4]      1880500 can-rx receiver=4 id=0x0200 len=2
[machine.4]      1880500 can-rx receiver=4 id=0x0300 len=7
[machine.4]      1890500 can-rx receiver=4 id=0x0200 len=2
[machine.4]      1890500 can-rx receiver=4 id=0x0300 len=7
[machine.4]      1900500 can-rx receiver=4 id=0x0200 len=2
[machine.4]      1900500 can-rx receiver=4 id=0x0300 len=7
[machine.4]      1910500 can-rx receiver=4 id=0x0200 len=2
[machine.4]      1910500 can-rx receiver=4 id=0x0300 len=7
[machine.4]      1920500 can-rx receiver=4 id=0x0200 len=2
[machine.4]      1920500 can-rx receiver=4 id=0x0300 len=7
[machine.4]      1930500 can-rx receiver=4 id=0x0200 len=2
[machine.4]      1930500 can-rx receiver=4 id=0x0300 len=7
[machine.4]      1940500 can-rx receiver=4 id=0x0200 len=2
[machine.4]      1940500 can-rx receiver=4 id=0x0300 len=7
[machine.4]      1950500 can-rx receiver=4 id=0x0200 len=2
[machine.4]      1950500 can-rx receiver=4 id=0x0300 len=7
[machine.4]      1960500 can-rx receiver=4 id=0x0200 len=2
[machine.4]      1960500 can-rx receiver=4 id=0x0300 len=7
[machine.4]      1970500 can-rx receiver=4 id=0x0200 len=2
[machine.4]      1970500 can-rx receiver=4 id=0x0300 len=7
[machine.4]      1980500 can-rx receiver=4 id=0x0200 len=2
[machine.4]      1980500 can-rx receiver=4 id=0x0300 len=7
[machine.4]      1990500 can-rx receiver=4 id=0x0200 len=2
[machine.4]      1990500 can-rx receiver=4 id=0x0300 len=7
