[machine.1]            0 task-created id=1 name="net_demo"
[machine.1]            0 user-u32 "microcar_boot_net_demo" = 1
[machine.1]            0 user-u32 "microcar_tasks_created" = 1
[machine.1]            0 task-resume id=1 reason=scheduler
[machine.1]            0 task-yield id=1 reason=RtosPortYield
[machine.1]            0 user-u32 "eth_register" = 0
[machine.1]            0 user-u32 "net_demo_boot" = 1
[machine.1]            0 task-resume id=1 reason=scheduler
[machine.1]            0 task-yield id=1 reason=RtosPortYield
[machine.1]            0 user-u32 "eth_send_count" = 1
[machine.1]            0 user-u32 "eth_send_bytes" = 14
[machine.1]            0 task-resume id=1 reason=scheduler
[machine.1]            0 task-yield id=1 reason=RtosPortYield
[machine.1]            0 user-u32 "eth_send_count" = 2
[machine.1]            0 user-u32 "eth_send_bytes" = 14
[machine.1]            0 user-u32 "eth_recv_count" = 1
[machine.1]            0 user-u32 "eth_recv_bytes" = 14
[machine.1]            0 user-u32 "eth_recv_first4" = 1212501068
[machine.1]            0 task-resume id=1 reason=scheduler
[machine.1]            0 task-yield id=1 reason=RtosPortYield
[machine.1]            0 user-u32 "eth_send_count" = 3
[machine.1]            0 user-u32 "eth_send_bytes" = 14
[machine.1]            0 user-u32 "eth_recv_count" = 2
[machine.1]            0 user-u32 "eth_recv_bytes" = 14
[machine.1]            0 user-u32 "eth_recv_first4" = 1212501068
[machine.1]            0 task-resume id=1 reason=scheduler
[machine.1]            0 task-yield id=1 reason=RtosPortYield
[machine.1]            0 user-u32 "eth_send_count" = 4
[machine.1]            0 user-u32 "eth_send_bytes" = 14
[machine.1]            0 user-u32 "eth_recv_count" = 3
[machine.1]            0 user-u32 "eth_recv_bytes" = 14
[machine.1]            0 user-u32 "eth_recv_first4" = 1212501068
[machine.1]            0 task-resume id=1 reason=scheduler
[machine.1]            0 task-yield id=1 reason=RtosPortYield
[machine.1]            0 user-u32 "eth_send_count" = 5
[machine.1]            0 user-u32 "eth_send_bytes" = 14
[machine.1]            0 user-u32 "eth_recv_count" = 4
[machine.1]            0 user-u32 "eth_recv_bytes" = 14
[machine.1]            0 user-u32 "eth_recv_first4" = 1212501068
[machine.1]            0 task-resume id=1 reason=scheduler
[machine.1]            0 task-yield id=1 reason=RtosPortYield
[machine.1]            0 user-u32 "eth_send_count" = 6
[machine.1]            0 user-u32 "eth_send_bytes" = 14
[machine.1]            0 user-u32 "eth_recv_count" = 5
[machine.1]            0 user-u32 "eth_recv_bytes" = 14
[machine.1]            0 user-u32 "eth_recv_first4" = 1212501068
[machine.1]            0 task-resume id=1 reason=scheduler
[machine.1]            0 task-yield id=1 reason=RtosPortYield
[machine.1]            0 user-u32 "eth_send_count" = 7
[machine.1]            0 user-u32 "eth_send_bytes" = 14
[machine.1]            0 user-u32 "eth_recv_count" = 6
[machine.1]            0 user-u32 "eth_recv_bytes" = 14
[machine.1]            0 user-u32 "eth_recv_first4" = 1212501068
[machine.1]            0 task-resume id=1 reason=scheduler
[machine.1]            0 task-yield id=1 reason=RtosPortYield
[machine.1]            0 user-u32 "eth_send_count" = 8
[machine.1]            0 user-u32 "eth_send_bytes" = 14
[machine.1]            0 user-u32 "eth_recv_count" = 7
[machine.1]            0 user-u32 "eth_recv_bytes" = 14
[machine.1]            0 user-u32 "eth_recv_first4" = 1212501068
[machine.1]            0 task-resume id=1 reason=scheduler
[machine.1]            0 task-yield id=1 reason=RtosPortYield
[machine.1]            0 user-u32 "eth_send_count" = 9
[machine.1]            0 user-u32 "eth_send_bytes" = 14
[machine.1]            0 user-u32 "eth_recv_count" = 8
[machine.1]            0 user-u32 "eth_recv_bytes" = 14
[machine.1]            0 user-u32 "eth_recv_first4" = 1212501068
[machine.1]            0 task-resume id=1 reason=scheduler
[machine.1]            0 task-yield id=1 reason=RtosPortYield
[machine.1]            0 user-u32 "eth_send_count" = 10
[machine.1]            0 user-u32 "eth_send_bytes" = 14
[machine.1]            0 user-u32 "eth_recv_count" = 9
[machine.1]            0 user-u32 "eth_recv_bytes" = 14
[machine.1]            0 user-u32 "eth_recv_first4" = 1212501068
[machine.1]            0 task-resume id=1 reason=scheduler
[machine.1]            0 task-yield id=1 reason=RtosPortYield
[machine.1]            0 user-u32 "eth_send_count" = 11
[machine.1]            0 user-u32 "eth_send_bytes" = 14
[machine.1]            0 user-u32 "eth_recv_count" = 10
[machine.1]            0 user-u32 "eth_recv_bytes" = 14
[machine.1]            0 user-u32 "eth_recv_first4" = 1212501068
[machine.1]            0 task-resume id=1 reason=scheduler
[machine.1]            0 task-yield id=1 reason=RtosPortYield
[machine.1]            0 user-u32 "eth_send_count" = 12
[machine.1]            0 user-u32 "eth_send_bytes" = 14
[machine.1]            0 user-u32 "eth_recv_count" = 11
[machine.1]            0 user-u32 "eth_recv_bytes" = 14
[machine.1]            0 user-u32 "eth_recv_first4" = 1212501068
[machine.1]            0 task-resume id=1 reason=scheduler
[machine.1]            0 task-yield id=1 reason=RtosPortYield
[machine.1]            0 user-u32 "eth_send_count" = 13
[machine.1]            0 user-u32 "eth_send_bytes" = 14
[machine.1]            0 user-u32 "eth_recv_count" = 12
[machine.1]            0 user-u32 "eth_recv_bytes" = 14
[machine.1]            0 user-u32 "eth_recv_first4" = 1212501068
[machine.1]            0 task-resume id=1 reason=scheduler
[machine.1]            0 task-yield id=1 reason=RtosPortYield
[machine.1]            0 user-u32 "eth_send_count" = 14
[machine.1]            0 user-u32 "eth_send_bytes" = 14
[machine.1]            0 user-u32 "eth_recv_count" = 13
[machine.1]            0 user-u32 "eth_recv_bytes" = 14
[machine.1]            0 user-u32 "eth_recv_first4" = 1212501068
[machine.1]            0 task-resume id=1 reason=scheduler
[machine.1]            0 task-yield id=1 reason=RtosPortYield
[machine.1]            0 user-u32 "eth_send_count" = 15
[machine.1]            0 user-u32 "eth_send_bytes" = 14
[machine.1]            0 user-u32 "eth_recv_count" = 14
[machine.1]            0 user-u32 "eth_recv_bytes" = 14
[machine.1]            0 user-u32 "eth_recv_first4" = 1212501068
[machine.1]            0 task-resume id=1 reason=scheduler
[machine.1]            0 task-yield id=1 reason=RtosPortYield
[machine.1]            0 user-u32 "eth_send_count" = 16
[machine.1]            0 user-u32 "eth_send_bytes" = 14
[machine.1]            0 user-u32 "eth_recv_count" = 15
[machine.1]            0 user-u32 "eth_recv_bytes" = 14
[machine.1]            0 user-u32 "eth_recv_first4" = 1212501068
[machine.1]            0 task-resume id=1 reason=scheduler
[machine.1]            0 task-yield id=1 reason=RtosPortYield
[machine.1]            0 user-u32 "eth_send_count" = 17
[machine.1]            0 user-u32 "eth_send_bytes" = 14
[machine.1]            0 user-u32 "eth_recv_count" = 16
[machine.1]            0 user-u32 "eth_recv_bytes" = 14
[machine.1]            0 user-u32 "eth_recv_first4" = 1212501068
[machine.1]            0 task-resume id=1 reason=scheduler
[machine.1]            0 task-yield id=1 reason=RtosPortYield
[machine.1]            0 user-u32 "eth_send_count" = 18
[machine.1]            0 user-u32 "eth_send_bytes" = 14
[machine.1]            0 user-u32 "eth_recv_count" = 17
[machine.1]            0 user-u32 "eth_recv_bytes" = 14
[machine.1]            0 user-u32 "eth_recv_first4" = 1212501068
[machine.1]            0 task-resume id=1 reason=scheduler
[machine.1]            0 task-yield id=1 reason=RtosPortYield
[machine.1]            0 user-u32 "eth_send_count" = 19
[machine.1]            0 user-u32 "eth_send_bytes" = 14
[machine.1]            0 user-u32 "eth_recv_count" = 18
[machine.1]            0 user-u32 "eth_recv_bytes" = 14
[machine.1]            0 user-u32 "eth_recv_first4" = 1212501068
[machine.1]            0 task-resume id=1 reason=scheduler
[machine.1]            0 task-yield id=1 reason=RtosPortYield
[machine.1]            0 user-u32 "eth_send_count" = 20
[machine.1]            0 user-u32 "eth_send_bytes" = 14
[machine.1]            0 user-u32 "eth_recv_count" = 19
[machine.1]            0 user-u32 "eth_recv_bytes" = 14
[machine.1]            0 user-u32 "eth_recv_first4" = 1212501068
[machine.1]            0 task-resume id=1 reason=scheduler
[machine.1]            0 task-yield id=1 reason=RtosPortYield
[machine.1]            0 user-u32 "eth_send_count" = 21
[machine.1]            0 user-u32 "eth_send_bytes" = 14
[machine.1]            0 user-u32 "eth_recv_count" = 20
[machine.1]            0 user-u32 "eth_recv_bytes" = 14
[machine.1]            0 user-u32 "eth_recv_first4" = 1212501068
[machine.1]            0 task-resume id=1 reason=scheduler
[machine.1]            0 task-yield id=1 reason=RtosPortYield
[machine.1]            0 user-u32 "eth_send_count" = 22
[machine.1]            0 user-u32 "eth_send_bytes" = 14
[machine.1]            0 user-u32 "eth_recv_count" = 21
[machine.1]            0 user-u32 "eth_recv_bytes" = 14
[machine.1]            0 user-u32 "eth_recv_first4" = 1212501068
[machine.1]            0 task-resume id=1 reason=scheduler
[machine.1]            0 task-yield id=1 reason=RtosPortYield
[machine.1]            0 user-u32 "eth_send_count" = 23
[machine.1]            0 user-u32 "eth_send_bytes" = 14
[machine.1]            0 user-u32 "eth_recv_count" = 22
[machine.1]            0 user-u32 "eth_recv_bytes" = 14
[machine.1]            0 user-u32 "eth_recv_first4" = 1212501068
[machine.1]            0 task-resume id=1 reason=scheduler
[machine.1]            0 task-yield id=1 reason=RtosPortYield
[machine.1]            0 user-u32 "eth_send_count" = 24
[machine.1]            0 user-u32 "eth_send_bytes" = 14
[machine.1]            0 user-u32 "eth_recv_count" = 23
[machine.1]            0 user-u32 "eth_recv_bytes" = 14
[machine.1]            0 user-u32 "eth_recv_first4" = 1212501068
[machine.1]            0 task-resume id=1 reason=scheduler
[machine.1]            0 task-yield id=1 reason=RtosPortYield
[machine.1]            0 user-u32 "eth_send_count" = 25
[machine.1]            0 user-u32 "eth_send_bytes" = 14
[machine.1]            0 user-u32 "eth_recv_count" = 24
[machine.1]            0 user-u32 "eth_recv_bytes" = 14
[machine.1]            0 user-u32 "eth_recv_first4" = 1212501068
[machine.1]            0 task-resume id=1 reason=scheduler
[machine.1]            0 task-yield id=1 reason=RtosPortYield
[machine.1]            0 user-u32 "eth_send_count" = 26
[machine.1]            0 user-u32 "eth_send_bytes" = 14
[machine.1]            0 user-u32 "eth_recv_count" = 25
[machine.1]            0 user-u32 "eth_recv_bytes" = 14
[machine.1]            0 user-u32 "eth_recv_first4" = 1212501068
[machine.1]            0 task-resume id=1 reason=scheduler
[machine.1]            0 task-yield id=1 reason=RtosPortYield
[machine.1]            0 user-u32 "eth_send_count" = 27
[machine.1]            0 user-u32 "eth_send_bytes" = 14
[machine.1]            0 user-u32 "eth_recv_count" = 26
[machine.1]            0 user-u32 "eth_recv_bytes" = 14
[machine.1]            0 user-u32 "eth_recv_first4" = 1212501068
[machine.1]            0 task-resume id=1 reason=scheduler
[machine.1]            0 task-yield id=1 reason=RtosPortYield
[machine.1]            0 user-u32 "eth_send_count" = 28
[machine.1]            0 user-u32 "eth_send_bytes" = 14
[machine.1]            0 user-u32 "eth_recv_count" = 27
[machine.1]            0 user-u32 "eth_recv_bytes" = 14
[machine.1]            0 user-u32 "eth_recv_first4" = 1212501068
[machine.1]            0 task-resume id=1 reason=scheduler
[machine.1]            0 task-yield id=1 reason=RtosPortYield
[machine.1]            0 user-u32 "eth_send_count" = 29
[machine.1]            0 user-u32 "eth_send_bytes" = 14
[machine.1]            0 user-u32 "eth_recv_count" = 28
[machine.1]            0 user-u32 "eth_recv_bytes" = 14
[machine.1]            0 user-u32 "eth_recv_first4" = 1212501068
[machine.1]            0 task-resume id=1 reason=scheduler
[machine.1]            0 task-yield id=1 reason=RtosPortYield
[machine.1]            0 user-u32 "eth_send_count" = 30
[machine.1]            0 user-u32 "eth_send_bytes" = 14
[machine.1]            0 user-u32 "eth_recv_count" = 29
[machine.1]            0 user-u32 "eth_recv_bytes" = 14
[machine.1]            0 user-u32 "eth_recv_first4" = 1212501068
[machine.1]            0 task-resume id=1 reason=scheduler
[machine.1]            0 task-yield id=1 reason=RtosPortYield
[machine.1]            0 user-u32 "eth_send_count" = 31
[machine.1]            0 user-u32 "eth_send_bytes" = 14
[machine.1]            0 user-u32 "eth_recv_count" = 30
[machine.1]            0 user-u32 "eth_recv_bytes" = 14
[machine.1]            0 user-u32 "eth_recv_first4" = 1212501068
[machine.1]            0 task-resume id=1 reason=scheduler
[machine.1]            0 task-yield id=1 reason=RtosPortYield
[machine.1]            0 user-u32 "eth_send_count" = 32
[machine.1]            0 user-u32 "eth_send_bytes" = 14
[machine.1]            0 user-u32 "eth_recv_count" = 31
[machine.1]            0 user-u32 "eth_recv_bytes" = 14
[machine.1]            0 user-u32 "eth_recv_first4" = 1212501068
[machine.1]            0 task-resume id=1 reason=scheduler
[machine.1]            0 task-yield id=1 reason=RtosPortYield
[machine.1]            0 user-u32 "eth_send_count" = 33
[machine.1]            0 user-u32 "eth_send_bytes" = 14
[machine.1]            0 user-u32 "eth_recv_count" = 32
[machine.1]            0 user-u32 "eth_recv_bytes" = 14
[machine.1]            0 user-u32 "eth_recv_first4" = 1212501068
[machine.1]            0 task-resume id=1 reason=scheduler
[machine.1]            0 task-yield id=1 reason=RtosPortYield
[machine.1]            0 user-u32 "eth_send_count" = 34
[machine.1]            0 user-u32 "eth_send_bytes" = 14
[machine.1]            0 user-u32 "eth_recv_count" = 33
[machine.1]            0 user-u32 "eth_recv_bytes" = 14
[machine.1]            0 user-u32 "eth_recv_first4" = 1212501068
[machine.1]            0 task-resume id=1 reason=scheduler
[machine.1]            0 task-yield id=1 reason=RtosPortYield
[machine.1]            0 user-u32 "eth_send_count" = 35
[machine.1]            0 user-u32 "eth_send_bytes" = 14
[machine.1]            0 user-u32 "eth_recv_count" = 34
[machine.1]            0 user-u32 "eth_recv_bytes" = 14
[machine.1]            0 user-u32 "eth_recv_first4" = 1212501068
[machine.1]            0 task-resume id=1 reason=scheduler
[machine.1]            0 task-yield id=1 reason=RtosPortYield
[machine.1]            0 user-u32 "eth_send_count" = 36
[machine.1]            0 user-u32 "eth_send_bytes" = 14
[machine.1]            0 user-u32 "eth_recv_count" = 35
[machine.1]            0 user-u32 "eth_recv_bytes" = 14
[machine.1]            0 user-u32 "eth_recv_first4" = 1212501068
[machine.1]            0 task-resume id=1 reason=scheduler
[machine.1]            0 task-yield id=1 reason=RtosPortYield
[machine.1]            0 user-u32 "eth_send_count" = 37
[machine.1]            0 user-u32 "eth_send_bytes" = 14
[machine.1]            0 user-u32 "eth_recv_count" = 36
[machine.1]            0 user-u32 "eth_recv_bytes" = 14
[machine.1]            0 user-u32 "eth_recv_first4" = 1212501068
[machine.1]            0 task-resume id=1 reason=scheduler
[machine.1]            0 task-yield id=1 reason=RtosPortYield
[machine.1]            0 user-u32 "eth_send_count" = 38
[machine.1]            0 user-u32 "eth_send_bytes" = 14
[machine.1]            0 user-u32 "eth_recv_count" = 37
[machine.1]            0 user-u32 "eth_recv_bytes" = 14
[machine.1]            0 user-u32 "eth_recv_first4" = 1212501068
[machine.1]            0 task-resume id=1 reason=scheduler
[machine.1]            0 task-yield id=1 reason=RtosPortYield
[machine.1]            0 user-u32 "eth_send_count" = 39
[machine.1]            0 user-u32 "eth_send_bytes" = 14
[machine.1]            0 user-u32 "eth_recv_count" = 38
[machine.1]            0 user-u32 "eth_recv_bytes" = 14
[machine.1]            0 user-u32 "eth_recv_first4" = 1212501068
[machine.1]            0 task-resume id=1 reason=scheduler
[machine.1]            0 task-yield id=1 reason=RtosPortYield
[machine.1]            0 user-u32 "eth_send_count" = 40
[machine.1]            0 user-u32 "eth_send_bytes" = 14
[machine.1]            0 user-u32 "eth_recv_count" = 39
[machine.1]            0 user-u32 "eth_recv_bytes" = 14
[machine.1]            0 user-u32 "eth_recv_first4" = 1212501068
[machine.1]            0 task-resume id=1 reason=scheduler
[machine.1]            0 task-yield id=1 reason=RtosPortYield
[machine.1]            0 user-u32 "eth_send_count" = 41
[machine.1]            0 user-u32 "eth_send_bytes" = 14
[machine.1]            0 user-u32 "eth_recv_count" = 40
[machine.1]            0 user-u32 "eth_recv_bytes" = 14
[machine.1]            0 user-u32 "eth_recv_first4" = 1212501068
[machine.1]            0 task-resume id=1 reason=scheduler
[machine.1]            0 task-yield id=1 reason=RtosPortYield
[machine.1]            0 user-u32 "eth_send_count" = 42
[machine.1]            0 user-u32 "eth_send_bytes" = 14
[machine.1]            0 user-u32 "eth_recv_count" = 41
[machine.1]            0 user-u32 "eth_recv_bytes" = 14
[machine.1]            0 user-u32 "eth_recv_first4" = 1212501068
[machine.1]            0 task-resume id=1 reason=scheduler
[machine.1]            0 task-yield id=1 reason=RtosPortYield
[machine.1]            0 user-u32 "eth_send_count" = 43
[machine.1]            0 user-u32 "eth_send_bytes" = 14
[machine.1]            0 user-u32 "eth_recv_count" = 42
[machine.1]            0 user-u32 "eth_recv_bytes" = 14
[machine.1]            0 user-u32 "eth_recv_first4" = 1212501068
[machine.1]            0 task-resume id=1 reason=scheduler
[machine.1]            0 task-yield id=1 reason=RtosPortYield
[machine.1]            0 user-u32 "eth_send_count" = 44
[machine.1]            0 user-u32 "eth_send_bytes" = 14
[machine.1]            0 user-u32 "eth_recv_count" = 43
[machine.1]            0 user-u32 "eth_recv_bytes" = 14
[machine.1]            0 user-u32 "eth_recv_first4" = 1212501068
[machine.1]            0 task-resume id=1 reason=scheduler
[machine.1]            0 task-yield id=1 reason=RtosPortYield
[machine.1]            0 user-u32 "eth_send_count" = 45
[machine.1]            0 user-u32 "eth_send_bytes" = 14
[machine.1]            0 user-u32 "eth_recv_count" = 44
[machine.1]            0 user-u32 "eth_recv_bytes" = 14
[machine.1]            0 user-u32 "eth_recv_first4" = 1212501068
[machine.1]            0 task-resume id=1 reason=scheduler
[machine.1]            0 task-yield id=1 reason=RtosPortYield
[machine.1]            0 user-u32 "eth_send_count" = 46
[machine.1]            0 user-u32 "eth_send_bytes" = 14
[machine.1]            0 user-u32 "eth_recv_count" = 45
[machine.1]            0 user-u32 "eth_recv_bytes" = 14
[machine.1]            0 user-u32 "eth_recv_first4" = 1212501068
[machine.1]            0 task-resume id=1 reason=scheduler
[machine.1]            0 task-yield id=1 reason=RtosPortYield
[machine.1]            0 user-u32 "eth_send_count" = 47
[machine.1]            0 user-u32 "eth_send_bytes" = 14
[machine.1]            0 user-u32 "eth_recv_count" = 46
[machine.1]            0 user-u32 "eth_recv_bytes" = 14
[machine.1]            0 user-u32 "eth_recv_first4" = 1212501068
[machine.1]            0 task-resume id=1 reason=scheduler
[machine.1]            0 task-yield id=1 reason=RtosPortYield
[machine.1]            0 user-u32 "eth_send_count" = 48
[machine.1]            0 user-u32 "eth_send_bytes" = 14
[machine.1]            0 user-u32 "eth_recv_count" = 47
[machine.1]            0 user-u32 "eth_recv_bytes" = 14
[machine.1]            0 user-u32 "eth_recv_first4" = 1212501068
[machine.1]            0 task-resume id=1 reason=scheduler
[machine.1]            0 task-yield id=1 reason=RtosPortYield
[machine.1]            0 user-u32 "eth_send_count" = 49
[machine.1]            0 user-u32 "eth_send_bytes" = 14
[machine.1]            0 user-u32 "eth_recv_count" = 48
[machine.1]            0 user-u32 "eth_recv_bytes" = 14
[machine.1]            0 user-u32 "eth_recv_first4" = 1212501068
[machine.2]            0 task-created id=1 name="net_demo"
[machine.2]            0 user-u32 "microcar_boot_net_demo" = 1
[machine.2]            0 user-u32 "microcar_tasks_created" = 1
[machine.2]            0 task-resume id=1 reason=scheduler
[machine.2]            0 task-yield id=1 reason=RtosPortYield
[machine.2]            0 user-u32 "eth_register" = 0
[machine.2]            0 user-u32 "net_demo_boot" = 1
[machine.2]            0 task-resume id=1 reason=scheduler
[machine.2]            0 task-yield id=1 reason=RtosPortYield
[machine.2]            0 user-u32 "eth_send_count" = 1
[machine.2]            0 user-u32 "eth_send_bytes" = 14
[machine.2]            0 user-u32 "eth_recv_count" = 1
[machine.2]            0 user-u32 "eth_recv_bytes" = 14
[machine.2]            0 user-u32 "eth_recv_first4" = 1212501068
[machine.2]            0 task-resume id=1 reason=scheduler
[machine.2]            0 task-yield id=1 reason=RtosPortYield
[machine.2]            0 user-u32 "eth_send_count" = 2
[machine.2]            0 user-u32 "eth_send_bytes" = 14
[machine.2]            0 user-u32 "eth_recv_count" = 2
[machine.2]            0 user-u32 "eth_recv_bytes" = 14
[machine.2]            0 user-u32 "eth_recv_first4" = 1212501068
[machine.2]            0 task-resume id=1 reason=scheduler
[machine.2]            0 task-yield id=1 reason=RtosPortYield
[machine.2]            0 user-u32 "eth_send_count" = 3
[machine.2]            0 user-u32 "eth_send_bytes" = 14
[machine.2]            0 user-u32 "eth_recv_count" = 3
[machine.2]            0 user-u32 "eth_recv_bytes" = 14
[machine.2]            0 user-u32 "eth_recv_first4" = 1212501068
[machine.2]            0 task-resume id=1 reason=scheduler
[machine.2]            0 task-yield id=1 reason=RtosPortYield
[machine.2]            0 user-u32 "eth_send_count" = 4
[machine.2]            0 user-u32 "eth_send_bytes" = 14
[machine.2]            0 user-u32 "eth_recv_count" = 4
[machine.2]            0 user-u32 "eth_recv_bytes" = 14
[machine.2]            0 user-u32 "eth_recv_first4" = 1212501068
[machine.2]            0 task-resume id=1 reason=scheduler
[machine.2]            0 task-yield id=1 reason=RtosPortYield
[machine.2]            0 user-u32 "eth_send_count" = 5
[machine.2]            0 user-u32 "eth_send_bytes" = 14
[machine.2]            0 user-u32 "eth_recv_count" = 5
[machine.2]            0 user-u32 "eth_recv_bytes" = 14
[machine.2]            0 user-u32 "eth_recv_first4" = 1212501068
[machine.2]            0 task-resume id=1 reason=scheduler
[machine.2]            0 task-yield id=1 reason=RtosPortYield
[machine.2]            0 user-u32 "eth_send_count" = 6
[machine.2]            0 user-u32 "eth_send_bytes" = 14
[machine.2]            0 user-u32 "eth_recv_count" = 6
[machine.2]            0 user-u32 "eth_recv_bytes" = 14
[machine.2]            0 user-u32 "eth_recv_first4" = 1212501068
[machine.2]            0 task-resume id=1 reason=scheduler
[machine.2]            0 task-yield id=1 reason=RtosPortYield
[machine.2]            0 user-u32 "eth_send_count" = 7
[machine.2]            0 user-u32 "eth_send_bytes" = 14
[machine.2]            0 user-u32 "eth_recv_count" = 7
[machine.2]            0 user-u32 "eth_recv_bytes" = 14
[machine.2]            0 user-u32 "eth_recv_first4" = 1212501068
[machine.2]            0 task-resume id=1 reason=scheduler
[machine.2]            0 task-yield id=1 reason=RtosPortYield
[machine.2]            0 user-u32 "eth_send_count" = 8
[machine.2]            0 user-u32 "eth_send_bytes" = 14
[machine.2]            0 user-u32 "eth_recv_count" = 8
[machine.2]            0 user-u32 "eth_recv_bytes" = 14
[machine.2]            0 user-u32 "eth_recv_first4" = 1212501068
[machine.2]            0 task-resume id=1 reason=scheduler
[machine.2]            0 task-yield id=1 reason=RtosPortYield
[machine.2]            0 user-u32 "eth_send_count" = 9
[machine.2]            0 user-u32 "eth_send_bytes" = 14
[machine.2]            0 user-u32 "eth_recv_count" = 9
[machine.2]            0 user-u32 "eth_recv_bytes" = 14
[machine.2]            0 user-u32 "eth_recv_first4" = 1212501068
[machine.2]            0 task-resume id=1 reason=scheduler
[machine.2]            0 task-yield id=1 reason=RtosPortYield
[machine.2]            0 user-u32 "eth_send_count" = 10
[machine.2]            0 user-u32 "eth_send_bytes" = 14
[machine.2]            0 user-u32 "eth_recv_count" = 10
[machine.2]            0 user-u32 "eth_recv_bytes" = 14
[machine.2]            0 user-u32 "eth_recv_first4" = 1212501068
[machine.2]            0 task-resume id=1 reason=scheduler
[machine.2]            0 task-yield id=1 reason=RtosPortYield
[machine.2]            0 user-u32 "eth_send_count" = 11
[machine.2]            0 user-u32 "eth_send_bytes" = 14
[machine.2]            0 user-u32 "eth_recv_count" = 11
[machine.2]            0 user-u32 "eth_recv_bytes" = 14
[machine.2]            0 user-u32 "eth_recv_first4" = 1212501068
[machine.2]            0 task-resume id=1 reason=scheduler
[machine.2]            0 task-yield id=1 reason=RtosPortYield
[machine.2]            0 user-u32 "eth_send_count" = 12
[machine.2]            0 user-u32 "eth_send_bytes" = 14
[machine.2]            0 user-u32 "eth_recv_count" = 12
[machine.2]            0 user-u32 "eth_recv_bytes" = 14
[machine.2]            0 user-u32 "eth_recv_first4" = 1212501068
[machine.2]            0 task-resume id=1 reason=scheduler
[machine.2]            0 task-yield id=1 reason=RtosPortYield
[machine.2]            0 user-u32 "eth_send_count" = 13
[machine.2]            0 user-u32 "eth_send_bytes" = 14
[machine.2]            0 user-u32 "eth_recv_count" = 13
[machine.2]            0 user-u32 "eth_recv_bytes" = 14
[machine.2]            0 user-u32 "eth_recv_first4" = 1212501068
[machine.2]            0 task-resume id=1 reason=scheduler
[machine.2]            0 task-yield id=1 reason=RtosPortYield
[machine.2]            0 user-u32 "eth_send_count" = 14
[machine.2]            0 user-u32 "eth_send_bytes" = 14
[machine.2]            0 user-u32 "eth_recv_count" = 14
[machine.2]            0 user-u32 "eth_recv_bytes" = 14
[machine.2]            0 user-u32 "eth_recv_first4" = 1212501068
[machine.2]            0 task-resume id=1 reason=scheduler
[machine.2]            0 task-yield id=1 reason=RtosPortYield
[machine.2]            0 user-u32 "eth_send_count" = 15
[machine.2]            0 user-u32 "eth_send_bytes" = 14
[machine.2]            0 user-u32 "eth_recv_count" = 15
[machine.2]            0 user-u32 "eth_recv_bytes" = 14
[machine.2]            0 user-u32 "eth_recv_first4" = 1212501068
[machine.2]            0 task-resume id=1 reason=scheduler
[machine.2]            0 task-yield id=1 reason=RtosPortYield
[machine.2]            0 user-u32 "eth_send_count" = 16
[machine.2]            0 user-u32 "eth_send_bytes" = 14
[machine.2]            0 user-u32 "eth_recv_count" = 16
[machine.2]            0 user-u32 "eth_recv_bytes" = 14
[machine.2]            0 user-u32 "eth_recv_first4" = 1212501068
[machine.2]            0 task-resume id=1 reason=scheduler
[machine.2]            0 task-yield id=1 reason=RtosPortYield
[machine.2]            0 user-u32 "eth_send_count" = 17
[machine.2]            0 user-u32 "eth_send_bytes" = 14
[machine.2]            0 user-u32 "eth_recv_count" = 17
[machine.2]            0 user-u32 "eth_recv_bytes" = 14
[machine.2]            0 user-u32 "eth_recv_first4" = 1212501068
[machine.2]            0 task-resume id=1 reason=scheduler
[machine.2]            0 task-yield id=1 reason=RtosPortYield
[machine.2]            0 user-u32 "eth_send_count" = 18
[machine.2]            0 user-u32 "eth_send_bytes" = 14
[machine.2]            0 user-u32 "eth_recv_count" = 18
[machine.2]            0 user-u32 "eth_recv_bytes" = 14
[machine.2]            0 user-u32 "eth_recv_first4" = 1212501068
[machine.2]            0 task-resume id=1 reason=scheduler
[machine.2]            0 task-yield id=1 reason=RtosPortYield
[machine.2]            0 user-u32 "eth_send_count" = 19
[machine.2]            0 user-u32 "eth_send_bytes" = 14
[machine.2]            0 user-u32 "eth_recv_count" = 19
[machine.2]            0 user-u32 "eth_recv_bytes" = 14
[machine.2]            0 user-u32 "eth_recv_first4" = 1212501068
[machine.2]            0 task-resume id=1 reason=scheduler
[machine.2]            0 task-yield id=1 reason=RtosPortYield
[machine.2]            0 user-u32 "eth_send_count" = 20
[machine.2]            0 user-u32 "eth_send_bytes" = 14
[machine.2]            0 user-u32 "eth_recv_count" = 20
[machine.2]            0 user-u32 "eth_recv_bytes" = 14
[machine.2]            0 user-u32 "eth_recv_first4" = 1212501068
[machine.2]            0 task-resume id=1 reason=scheduler
[machine.2]            0 task-yield id=1 reason=RtosPortYield
[machine.2]            0 user-u32 "eth_send_count" = 21
[machine.2]            0 user-u32 "eth_send_bytes" = 14
[machine.2]            0 user-u32 "eth_recv_count" = 21
[machine.2]            0 user-u32 "eth_recv_bytes" = 14
[machine.2]            0 user-u32 "eth_recv_first4" = 1212501068
[machine.2]            0 task-resume id=1 reason=scheduler
[machine.2]            0 task-yield id=1 reason=RtosPortYield
[machine.2]            0 user-u32 "eth_send_count" = 22
[machine.2]            0 user-u32 "eth_send_bytes" = 14
[machine.2]            0 user-u32 "eth_recv_count" = 22
[machine.2]            0 user-u32 "eth_recv_bytes" = 14
[machine.2]            0 user-u32 "eth_recv_first4" = 1212501068
[machine.2]            0 task-resume id=1 reason=scheduler
[machine.2]            0 task-yield id=1 reason=RtosPortYield
[machine.2]            0 user-u32 "eth_send_count" = 23
[machine.2]            0 user-u32 "eth_send_bytes" = 14
[machine.2]            0 user-u32 "eth_recv_count" = 23
[machine.2]            0 user-u32 "eth_recv_bytes" = 14
[machine.2]            0 user-u32 "eth_recv_first4" = 1212501068
[machine.2]            0 task-resume id=1 reason=scheduler
[machine.2]            0 task-yield id=1 reason=RtosPortYield
[machine.2]            0 user-u32 "eth_send_count" = 24
[machine.2]            0 user-u32 "eth_send_bytes" = 14
[machine.2]            0 user-u32 "eth_recv_count" = 24
[machine.2]            0 user-u32 "eth_recv_bytes" = 14
[machine.2]            0 user-u32 "eth_recv_first4" = 1212501068
[machine.2]            0 task-resume id=1 reason=scheduler
[machine.2]            0 task-yield id=1 reason=RtosPortYield
[machine.2]            0 user-u32 "eth_send_count" = 25
[machine.2]            0 user-u32 "eth_send_bytes" = 14
[machine.2]            0 user-u32 "eth_recv_count" = 25
[machine.2]            0 user-u32 "eth_recv_bytes" = 14
[machine.2]            0 user-u32 "eth_recv_first4" = 1212501068
[machine.2]            0 task-resume id=1 reason=scheduler
[machine.2]            0 task-yield id=1 reason=RtosPortYield
[machine.2]            0 user-u32 "eth_send_count" = 26
[machine.2]            0 user-u32 "eth_send_bytes" = 14
[machine.2]            0 user-u32 "eth_recv_count" = 26
[machine.2]            0 user-u32 "eth_recv_bytes" = 14
[machine.2]            0 user-u32 "eth_recv_first4" = 1212501068
[machine.2]            0 task-resume id=1 reason=scheduler
[machine.2]            0 task-yield id=1 reason=RtosPortYield
[machine.2]            0 user-u32 "eth_send_count" = 27
[machine.2]            0 user-u32 "eth_send_bytes" = 14
[machine.2]            0 user-u32 "eth_recv_count" = 27
[machine.2]            0 user-u32 "eth_recv_bytes" = 14
[machine.2]            0 user-u32 "eth_recv_first4" = 1212501068
[machine.2]            0 task-resume id=1 reason=scheduler
[machine.2]            0 task-yield id=1 reason=RtosPortYield
[machine.2]            0 user-u32 "eth_send_count" = 28
[machine.2]            0 user-u32 "eth_send_bytes" = 14
[machine.2]            0 user-u32 "eth_recv_count" = 28
[machine.2]            0 user-u32 "eth_recv_bytes" = 14
[machine.2]            0 user-u32 "eth_recv_first4" = 1212501068
[machine.2]            0 task-resume id=1 reason=scheduler
[machine.2]            0 task-yield id=1 reason=RtosPortYield
[machine.2]            0 user-u32 "eth_send_count" = 29
[machine.2]            0 user-u32 "eth_send_bytes" = 14
[machine.2]            0 user-u32 "eth_recv_count" = 29
[machine.2]            0 user-u32 "eth_recv_bytes" = 14
[machine.2]            0 user-u32 "eth_recv_first4" = 1212501068
[machine.2]            0 task-resume id=1 reason=scheduler
[machine.2]            0 task-yield id=1 reason=RtosPortYield
[machine.2]            0 user-u32 "eth_send_count" = 30
[machine.2]            0 user-u32 "eth_send_bytes" = 14
[machine.2]            0 user-u32 "eth_recv_count" = 30
[machine.2]            0 user-u32 "eth_recv_bytes" = 14
[machine.2]            0 user-u32 "eth_recv_first4" = 1212501068
[machine.2]            0 task-resume id=1 reason=scheduler
[machine.2]            0 task-yield id=1 reason=RtosPortYield
[machine.2]            0 user-u32 "eth_send_count" = 31
[machine.2]            0 user-u32 "eth_send_bytes" = 14
[machine.2]            0 user-u32 "eth_recv_count" = 31
[machine.2]            0 user-u32 "eth_recv_bytes" = 14
[machine.2]            0 user-u32 "eth_recv_first4" = 1212501068
[machine.2]            0 task-resume id=1 reason=scheduler
[machine.2]            0 task-yield id=1 reason=RtosPortYield
[machine.2]            0 user-u32 "eth_send_count" = 32
[machine.2]            0 user-u32 "eth_send_bytes" = 14
[machine.2]            0 user-u32 "eth_recv_count" = 32
[machine.2]            0 user-u32 "eth_recv_bytes" = 14
[machine.2]            0 user-u32 "eth_recv_first4" = 1212501068
[machine.2]            0 task-resume id=1 reason=scheduler
[machine.2]            0 task-yield id=1 reason=RtosPortYield
[machine.2]            0 user-u32 "eth_send_count" = 33
[machine.2]            0 user-u32 "eth_send_bytes" = 14
[machine.2]            0 user-u32 "eth_recv_count" = 33
[machine.2]            0 user-u32 "eth_recv_bytes" = 14
[machine.2]            0 user-u32 "eth_recv_first4" = 1212501068
[machine.2]            0 task-resume id=1 reason=scheduler
[machine.2]            0 task-yield id=1 reason=RtosPortYield
[machine.2]            0 user-u32 "eth_send_count" = 34
[machine.2]            0 user-u32 "eth_send_bytes" = 14
[machine.2]            0 user-u32 "eth_recv_count" = 34
[machine.2]            0 user-u32 "eth_recv_bytes" = 14
[machine.2]            0 user-u32 "eth_recv_first4" = 1212501068
[machine.2]            0 task-resume id=1 reason=scheduler
[machine.2]            0 task-yield id=1 reason=RtosPortYield
[machine.2]            0 user-u32 "eth_send_count" = 35
[machine.2]            0 user-u32 "eth_send_bytes" = 14
[machine.2]            0 user-u32 "eth_recv_count" = 35
[machine.2]            0 user-u32 "eth_recv_bytes" = 14
[machine.2]            0 user-u32 "eth_recv_first4" = 1212501068
[machine.2]            0 task-resume id=1 reason=scheduler
[machine.2]            0 task-yield id=1 reason=RtosPortYield
[machine.2]            0 user-u32 "eth_send_count" = 36
[machine.2]            0 user-u32 "eth_send_bytes" = 14
[machine.2]            0 user-u32 "eth_recv_count" = 36
[machine.2]            0 user-u32 "eth_recv_bytes" = 14
[machine.2]            0 user-u32 "eth_recv_first4" = 1212501068
[machine.2]            0 task-resume id=1 reason=scheduler
[machine.2]            0 task-yield id=1 reason=RtosPortYield
[machine.2]            0 user-u32 "eth_send_count" = 37
[machine.2]            0 user-u32 "eth_send_bytes" = 14
[machine.2]            0 user-u32 "eth_recv_count" = 37
[machine.2]            0 user-u32 "eth_recv_bytes" = 14
[machine.2]            0 user-u32 "eth_recv_first4" = 1212501068
[machine.2]            0 task-resume id=1 reason=scheduler
[machine.2]            0 task-yield id=1 reason=RtosPortYield
[machine.2]            0 user-u32 "eth_send_count" = 38
[machine.2]            0 user-u32 "eth_send_bytes" = 14
[machine.2]            0 user-u32 "eth_recv_count" = 38
[machine.2]            0 user-u32 "eth_recv_bytes" = 14
[machine.2]            0 user-u32 "eth_recv_first4" = 1212501068
[machine.2]            0 task-resume id=1 reason=scheduler
[machine.2]            0 task-yield id=1 reason=RtosPortYield
[machine.2]            0 user-u32 "eth_send_count" = 39
[machine.2]            0 user-u32 "eth_send_bytes" = 14
[machine.2]            0 user-u32 "eth_recv_count" = 39
[machine.2]            0 user-u32 "eth_recv_bytes" = 14
[machine.2]            0 user-u32 "eth_recv_first4" = 1212501068
[machine.2]            0 task-resume id=1 reason=scheduler
[machine.2]            0 task-yield id=1 reason=RtosPortYield
[machine.2]            0 user-u32 "eth_send_count" = 40
[machine.2]            0 user-u32 "eth_send_bytes" = 14
[machine.2]            0 user-u32 "eth_recv_count" = 40
[machine.2]            0 user-u32 "eth_recv_bytes" = 14
[machine.2]            0 user-u32 "eth_recv_first4" = 1212501068
[machine.2]            0 task-resume id=1 reason=scheduler
[machine.2]            0 task-yield id=1 reason=RtosPortYield
[machine.2]            0 user-u32 "eth_send_count" = 41
[machine.2]            0 user-u32 "eth_send_bytes" = 14
[machine.2]            0 user-u32 "eth_recv_count" = 41
[machine.2]            0 user-u32 "eth_recv_bytes" = 14
[machine.2]            0 user-u32 "eth_recv_first4" = 1212501068
[machine.2]            0 task-resume id=1 reason=scheduler
[machine.2]            0 task-yield id=1 reason=RtosPortYield
[machine.2]            0 user-u32 "eth_send_count" = 42
[machine.2]            0 user-u32 "eth_send_bytes" = 14
[machine.2]            0 user-u32 "eth_recv_count" = 42
[machine.2]            0 user-u32 "eth_recv_bytes" = 14
[machine.2]            0 user-u32 "eth_recv_first4" = 1212501068
[machine.2]            0 task-resume id=1 reason=scheduler
[machine.2]            0 task-yield id=1 reason=RtosPortYield
[machine.2]            0 user-u32 "eth_send_count" = 43
[machine.2]            0 user-u32 "eth_send_bytes" = 14
[machine.2]            0 user-u32 "eth_recv_count" = 43
[machine.2]            0 user-u32 "eth_recv_bytes" = 14
[machine.2]            0 user-u32 "eth_recv_first4" = 1212501068
[machine.2]            0 task-resume id=1 reason=scheduler
[machine.2]            0 task-yield id=1 reason=RtosPortYield
[machine.2]            0 user-u32 "eth_send_count" = 44
[machine.2]            0 user-u32 "eth_send_bytes" = 14
[machine.2]            0 user-u32 "eth_recv_count" = 44
[machine.2]            0 user-u32 "eth_recv_bytes" = 14
[machine.2]            0 user-u32 "eth_recv_first4" = 1212501068
[machine.2]            0 task-resume id=1 reason=scheduler
[machine.2]            0 task-yield id=1 reason=RtosPortYield
[machine.2]            0 user-u32 "eth_send_count" = 45
[machine.2]            0 user-u32 "eth_send_bytes" = 14
[machine.2]            0 user-u32 "eth_recv_count" = 45
[machine.2]            0 user-u32 "eth_recv_bytes" = 14
[machine.2]            0 user-u32 "eth_recv_first4" = 1212501068
[machine.2]            0 task-resume id=1 reason=scheduler
[machine.2]            0 task-yield id=1 reason=RtosPortYield
[machine.2]            0 user-u32 "eth_send_count" = 46
[machine.2]            0 user-u32 "eth_send_bytes" = 14
[machine.2]            0 user-u32 "eth_recv_count" = 46
[machine.2]            0 user-u32 "eth_recv_bytes" = 14
[machine.2]            0 user-u32 "eth_recv_first4" = 1212501068
[machine.2]            0 task-resume id=1 reason=scheduler
[machine.2]            0 task-yield id=1 reason=RtosPortYield
[machine.2]            0 user-u32 "eth_send_count" = 47
[machine.2]            0 user-u32 "eth_send_bytes" = 14
[machine.2]            0 user-u32 "eth_recv_count" = 47
[machine.2]            0 user-u32 "eth_recv_bytes" = 14
[machine.2]            0 user-u32 "eth_recv_first4" = 1212501068
[machine.2]            0 task-resume id=1 reason=scheduler
[machine.2]            0 task-yield id=1 reason=RtosPortYield
[machine.2]            0 user-u32 "eth_send_count" = 48
[machine.2]            0 user-u32 "eth_send_bytes" = 14
[machine.2]            0 user-u32 "eth_recv_count" = 48
[machine.2]            0 user-u32 "eth_recv_bytes" = 14
[machine.2]            0 user-u32 "eth_recv_first4" = 1212501068
[machine.2]            0 task-resume id=1 reason=scheduler
[machine.2]            0 task-yield id=1 reason=RtosPortYield
[machine.2]            0 user-u32 "eth_send_count" = 49
[machine.2]            0 user-u32 "eth_send_bytes" = 14
[machine.2]            0 user-u32 "eth_recv_count" = 49
[machine.2]            0 user-u32 "eth_recv_bytes" = 14
[machine.2]            0 user-u32 "eth_recv_first4" = 1212501068
