[machine.1]            0 task-created id=1 name="stress_sup"
[machine.1]            0 user-u32 "lifecycle_boot" = 1
[machine.1]            0 user-u32 "microcar_tasks_created" = 1
[machine.1]            0 task-resume id=1 reason=scheduler
[machine.1]            0 task-yield id=1 reason=SleepUntil(1)
[machine.1]            0 user-u32 "stress_create_start" = 100
[machine.1]            1 task-resume id=1 reason=scheduler
[machine.1]            1 task-yield id=1 reason=RtosPortYield
[machine.1]            1 task-resume id=1 reason=scheduler
[machine.1]            1 task-yield id=1 reason=SleepUntil(2)
[machine.1]            2 task-resume id=1 reason=scheduler
[machine.1]            2 task-yield id=1 reason=RtosPortYield
[machine.1]            2 task-resume id=1 reason=scheduler
[machine.1]            2 task-yield id=1 reason=SleepUntil(3)
[machine.1]            3 task-resume id=1 reason=scheduler
[machine.1]            3 task-yield id=1 reason=RtosPortYield
[machine.1]            3 task-resume id=1 reason=scheduler
[machine.1]            3 task-yield id=1 reason=SleepUntil(4)
[machine.1]            4 task-resume id=1 reason=scheduler
[machine.1]            4 task-yield id=1 reason=RtosPortYield
[machine.1]            4 task-resume id=1 reason=scheduler
[machine.1]            4 task-yield id=1 reason=SleepUntil(5)
[machine.1]            5 task-resume id=1 reason=scheduler
[machine.1]            5 task-yield id=1 reason=RtosPortYield
[machine.1]            5 task-resume id=1 reason=scheduler
[machine.1]            5 task-yield id=1 reason=SleepUntil(6)
[machine.1]            6 task-resume id=1 reason=scheduler
[machine.1]            6 task-yield id=1 reason=RtosPortYield
[machine.1]            6 task-resume id=1 reason=scheduler
[machine.1]            6 task-yield id=1 reason=SleepUntil(7)
[machine.1]            7 task-resume id=1 reason=scheduler
[machine.1]            7 task-yield id=1 reason=RtosPortYield
[machine.1]            7 task-resume id=1 reason=scheduler
[machine.1]            7 task-yield id=1 reason=SleepUntil(8)
[machine.1]            8 task-resume id=1 reason=scheduler
[machine.1]            8 task-yield id=1 reason=RtosPortYield
[machine.1]            8 task-resume id=1 reason=scheduler
[machine.1]            8 task-yield id=1 reason=SleepUntil(9)
[machine.1]            9 task-resume id=1 reason=scheduler
[machine.1]            9 task-yield id=1 reason=RtosPortYield
[machine.1]            9 task-resume id=1 reason=scheduler
[machine.1]            9 task-yield id=1 reason=SleepUntil(10)
[machine.1]           10 task-resume id=1 reason=scheduler
[machine.1]           10 task-yield id=1 reason=RtosPortYield
[machine.1]           10 task-resume id=1 reason=scheduler
[machine.1]           10 task-yield id=1 reason=SleepUntil(11)
[machine.1]           11 task-resume id=1 reason=scheduler
[machine.1]           11 task-yield id=1 reason=RtosPortYield
[machine.1]           11 task-resume id=1 reason=scheduler
[machine.1]           11 task-yield id=1 reason=SleepUntil(12)
[machine.1]           12 task-resume id=1 reason=scheduler
[machine.1]           12 task-yield id=1 reason=RtosPortYield
[machine.1]           12 task-resume id=1 reason=scheduler
[machine.1]           12 task-yield id=1 reason=SleepUntil(13)
[machine.1]           13 task-resume id=1 reason=scheduler
[machine.1]           13 task-yield id=1 reason=RtosPortYield
[machine.1]           13 task-resume id=1 reason=scheduler
[machine.1]           13 task-yield id=1 reason=SleepUntil(14)
[machine.1]           14 task-resume id=1 reason=scheduler
[machine.1]           14 task-yield id=1 reason=RtosPortYield
[machine.1]           14 task-resume id=1 reason=scheduler
[machine.1]           14 task-yield id=1 reason=SleepUntil(15)
[machine.1]           15 task-resume id=1 reason=scheduler
[machine.1]           15 task-yield id=1 reason=RtosPortYield
[machine.1]           15 task-resume id=1 reason=scheduler
[machine.1]           15 task-yield id=1 reason=SleepUntil(16)
[machine.1]           16 task-resume id=1 reason=scheduler
[machine.1]           16 task-yield id=1 reason=RtosPortYield
[machine.1]           16 task-resume id=1 reason=scheduler
[machine.1]           16 task-yield id=1 reason=SleepUntil(17)
[machine.1]           17 task-resume id=1 reason=scheduler
[machine.1]           17 task-yield id=1 reason=RtosPortYield
[machine.1]           17 task-resume id=1 reason=scheduler
[machine.1]           17 task-yield id=1 reason=SleepUntil(18)
[machine.1]           18 task-resume id=1 reason=scheduler
[machine.1]           18 task-yield id=1 reason=RtosPortYield
[machine.1]           18 task-resume id=1 reason=scheduler
[machine.1]           18 task-yield id=1 reason=SleepUntil(19)
[machine.1]           19 task-resume id=1 reason=scheduler
[machine.1]           19 task-yield id=1 reason=RtosPortYield
[machine.1]           19 task-resume id=1 reason=scheduler
[machine.1]           19 task-yield id=1 reason=SleepUntil(20)
[machine.1]           20 task-resume id=1 reason=scheduler
[machine.1]           20 task-yield id=1 reason=RtosPortYield
[machine.1]           20 task-resume id=1 reason=scheduler
[machine.1]           20 task-yield id=1 reason=SleepUntil(21)
[machine.1]           21 task-resume id=1 reason=scheduler
[machine.1]           21 task-yield id=1 reason=RtosPortYield
[machine.1]           21 task-resume id=1 reason=scheduler
[machine.1]           21 task-yield id=1 reason=SleepUntil(22)
[machine.1]           22 task-resume id=1 reason=scheduler
[machine.1]           22 task-yield id=1 reason=RtosPortYield
[machine.1]           22 task-resume id=1 reason=scheduler
[machine.1]           22 task-yield id=1 reason=SleepUntil(23)
[machine.1]           23 task-resume id=1 reason=scheduler
[machine.1]           23 task-yield id=1 reason=RtosPortYield
[machine.1]           23 task-resume id=1 reason=scheduler
[machine.1]           23 task-yield id=1 reason=SleepUntil(24)
[machine.1]           24 task-resume id=1 reason=scheduler
[machine.1]           24 task-yield id=1 reason=RtosPortYield
[machine.1]           24 task-resume id=1 reason=scheduler
[machine.1]           24 task-yield id=1 reason=SleepUntil(25)
[machine.1]           25 task-resume id=1 reason=scheduler
[machine.1]           25 task-yield id=1 reason=RtosPortYield
[machine.1]           25 task-resume id=1 reason=scheduler
[machine.1]           25 task-yield id=1 reason=SleepUntil(26)
[machine.1]           26 task-resume id=1 reason=scheduler
[machine.1]           26 task-yield id=1 reason=RtosPortYield
[machine.1]           26 task-resume id=1 reason=scheduler
[machine.1]           26 task-yield id=1 reason=SleepUntil(27)
[machine.1]           27 task-resume id=1 reason=scheduler
[machine.1]           27 task-yield id=1 reason=RtosPortYield
[machine.1]           27 task-resume id=1 reason=scheduler
[machine.1]           27 task-yield id=1 reason=SleepUntil(28)
[machine.1]           28 task-resume id=1 reason=scheduler
[machine.1]           28 task-yield id=1 reason=RtosPortYield
[machine.1]           28 task-resume id=1 reason=scheduler
[machine.1]           28 task-yield id=1 reason=SleepUntil(29)
[machine.1]           29 task-resume id=1 reason=scheduler
[machine.1]           29 task-yield id=1 reason=RtosPortYield
[machine.1]           29 task-resume id=1 reason=scheduler
[machine.1]           29 task-yield id=1 reason=SleepUntil(30)
[machine.1]           30 task-resume id=1 reason=scheduler
[machine.1]           30 task-yield id=1 reason=RtosPortYield
[machine.1]           30 task-resume id=1 reason=scheduler
[machine.1]           30 task-yield id=1 reason=SleepUntil(31)
[machine.1]           31 task-resume id=1 reason=scheduler
[machine.1]           31 task-yield id=1 reason=RtosPortYield
[machine.1]           31 task-resume id=1 reason=scheduler
[machine.1]           31 task-yield id=1 reason=SleepUntil(32)
[machine.1]           32 task-resume id=1 reason=scheduler
[machine.1]           32 task-yield id=1 reason=RtosPortYield
[machine.1]           32 task-resume id=1 reason=scheduler
[machine.1]           32 task-yield id=1 reason=SleepUntil(33)
[machine.1]           33 task-resume id=1 reason=scheduler
[machine.1]           33 task-yield id=1 reason=RtosPortYield
[machine.1]           33 task-resume id=1 reason=scheduler
[machine.1]           33 task-yield id=1 reason=SleepUntil(34)
[machine.1]           34 task-resume id=1 reason=scheduler
[machine.1]           34 task-yield id=1 reason=RtosPortYield
[machine.1]           34 task-resume id=1 reason=scheduler
[machine.1]           34 task-yield id=1 reason=SleepUntil(35)
[machine.1]           35 task-resume id=1 reason=scheduler
[machine.1]           35 task-yield id=1 reason=RtosPortYield
[machine.1]           35 task-resume id=1 reason=scheduler
[machine.1]           35 task-yield id=1 reason=SleepUntil(36)
[machine.1]           36 task-resume id=1 reason=scheduler
[machine.1]           36 task-yield id=1 reason=RtosPortYield
[machine.1]           36 task-resume id=1 reason=scheduler
[machine.1]           36 task-yield id=1 reason=SleepUntil(37)
[machine.1]           37 task-resume id=1 reason=scheduler
[machine.1]           37 task-yield id=1 reason=RtosPortYield
[machine.1]           37 task-resume id=1 reason=scheduler
[machine.1]           37 task-yield id=1 reason=SleepUntil(38)
[machine.1]           38 task-resume id=1 reason=scheduler
[machine.1]           38 task-yield id=1 reason=RtosPortYield
[machine.1]           38 task-resume id=1 reason=scheduler
[machine.1]           38 task-yield id=1 reason=SleepUntil(39)
[machine.1]           39 task-resume id=1 reason=scheduler
[machine.1]           39 task-yield id=1 reason=RtosPortYield
[machine.1]           39 task-resume id=1 reason=scheduler
[machine.1]           39 task-yield id=1 reason=SleepUntil(40)
[machine.1]           40 task-resume id=1 reason=scheduler
[machine.1]           40 task-yield id=1 reason=RtosPortYield
[machine.1]           40 task-resume id=1 reason=scheduler
[machine.1]           40 task-yield id=1 reason=SleepUntil(41)
[machine.1]           41 task-resume id=1 reason=scheduler
[machine.1]           41 task-yield id=1 reason=RtosPortYield
[machine.1]           41 task-resume id=1 reason=scheduler
[machine.1]           41 task-yield id=1 reason=SleepUntil(42)
[machine.1]           42 task-resume id=1 reason=scheduler
[machine.1]           42 task-yield id=1 reason=RtosPortYield
[machine.1]           42 task-resume id=1 reason=scheduler
[machine.1]           42 task-yield id=1 reason=SleepUntil(43)
[machine.1]           43 task-resume id=1 reason=scheduler
[machine.1]           43 task-yield id=1 reason=RtosPortYield
[machine.1]           43 task-resume id=1 reason=scheduler
[machine.1]           43 task-yield id=1 reason=SleepUntil(44)
[machine.1]           44 task-resume id=1 reason=scheduler
[machine.1]           44 task-yield id=1 reason=RtosPortYield
[machine.1]           44 task-resume id=1 reason=scheduler
[machine.1]           44 task-yield id=1 reason=SleepUntil(45)
[machine.1]           45 task-resume id=1 reason=scheduler
[machine.1]           45 task-yield id=1 reason=RtosPortYield
[machine.1]           45 task-resume id=1 reason=scheduler
[machine.1]           45 task-yield id=1 reason=SleepUntil(46)
[machine.1]           46 task-resume id=1 reason=scheduler
[machine.1]           46 task-yield id=1 reason=RtosPortYield
[machine.1]           46 task-resume id=1 reason=scheduler
[machine.1]           46 task-yield id=1 reason=SleepUntil(47)
[machine.1]           47 task-resume id=1 reason=scheduler
[machine.1]           47 task-yield id=1 reason=RtosPortYield
[machine.1]           47 task-resume id=1 reason=scheduler
[machine.1]           47 task-yield id=1 reason=SleepUntil(48)
[machine.1]           48 task-resume id=1 reason=scheduler
[machine.1]           48 task-yield id=1 reason=RtosPortYield
[machine.1]           48 task-resume id=1 reason=scheduler
[machine.1]           48 task-yield id=1 reason=SleepUntil(49)
[machine.1]           49 task-resume id=1 reason=scheduler
[machine.1]           49 task-yield id=1 reason=RtosPortYield
[machine.1]           49 task-resume id=1 reason=scheduler
[machine.1]           49 task-yield id=1 reason=SleepUntil(50)
[machine.1]           50 task-resume id=1 reason=scheduler
[machine.1]           50 task-yield id=1 reason=RtosPortYield
[machine.1]           50 task-resume id=1 reason=scheduler
[machine.1]           50 task-yield id=1 reason=SleepUntil(51)
[machine.1]           51 task-resume id=1 reason=scheduler
[machine.1]           51 task-yield id=1 reason=RtosPortYield
[machine.1]           51 task-resume id=1 reason=scheduler
[machine.1]           51 task-yield id=1 reason=SleepUntil(52)
[machine.1]           52 task-resume id=1 reason=scheduler
[machine.1]           52 task-yield id=1 reason=RtosPortYield
[machine.1]           52 task-resume id=1 reason=scheduler
[machine.1]           52 task-yield id=1 reason=SleepUntil(53)
[machine.1]           53 task-resume id=1 reason=scheduler
[machine.1]           53 task-yield id=1 reason=RtosPortYield
[machine.1]           53 task-resume id=1 reason=scheduler
[machine.1]           53 task-yield id=1 reason=SleepUntil(54)
[machine.1]           54 task-resume id=1 reason=scheduler
[machine.1]           54 task-yield id=1 reason=RtosPortYield
[machine.1]           54 task-resume id=1 reason=scheduler
[machine.1]           54 task-yield id=1 reason=SleepUntil(55)
[machine.1]           55 task-resume id=1 reason=scheduler
[machine.1]           55 task-yield id=1 reason=RtosPortYield
[machine.1]           55 task-resume id=1 reason=scheduler
[machine.1]           55 task-yield id=1 reason=SleepUntil(56)
[machine.1]           56 task-resume id=1 reason=scheduler
[machine.1]           56 task-yield id=1 reason=RtosPortYield
[machine.1]           56 task-resume id=1 reason=scheduler
[machine.1]           56 task-yield id=1 reason=SleepUntil(57)
[machine.1]           57 task-resume id=1 reason=scheduler
[machine.1]           57 task-yield id=1 reason=RtosPortYield
[machine.1]           57 task-resume id=1 reason=scheduler
[machine.1]           57 task-yield id=1 reason=SleepUntil(58)
[machine.1]           58 task-resume id=1 reason=scheduler
[machine.1]           58 task-yield id=1 reason=RtosPortYield
[machine.1]           58 task-resume id=1 reason=scheduler
[machine.1]           58 task-yield id=1 reason=SleepUntil(59)
[machine.1]           59 task-resume id=1 reason=scheduler
[machine.1]           59 task-yield id=1 reason=RtosPortYield
[machine.1]           59 task-resume id=1 reason=scheduler
[machine.1]           59 task-yield id=1 reason=SleepUntil(60)
[machine.1]           60 task-resume id=1 reason=scheduler
[machine.1]           60 task-yield id=1 reason=RtosPortYield
[machine.1]           60 task-resume id=1 reason=scheduler
[machine.1]           60 task-yield id=1 reason=SleepUntil(61)
[machine.1]           61 task-resume id=1 reason=scheduler
[machine.1]           61 task-yield id=1 reason=RtosPortYield
[machine.1]           61 task-resume id=1 reason=scheduler
[machine.1]           61 task-yield id=1 reason=SleepUntil(62)
[machine.1]           62 task-resume id=1 reason=scheduler
[machine.1]           62 task-yield id=1 reason=RtosPortYield
[machine.1]           62 task-resume id=1 reason=scheduler
[machine.1]           62 task-yield id=1 reason=SleepUntil(63)
[machine.1]           63 task-resume id=1 reason=scheduler
[machine.1]           63 task-yield id=1 reason=RtosPortYield
[machine.1]           63 task-resume id=1 reason=scheduler
[machine.1]           63 task-yield id=1 reason=SleepUntil(64)
[machine.1]           64 task-resume id=1 reason=scheduler
[machine.1]           64 task-yield id=1 reason=RtosPortYield
[machine.1]           64 task-resume id=1 reason=scheduler
[machine.1]           64 task-yield id=1 reason=SleepUntil(65)
[machine.1]           65 task-resume id=1 reason=scheduler
[machine.1]           65 task-yield id=1 reason=RtosPortYield
[machine.1]           65 task-resume id=1 reason=scheduler
[machine.1]           65 task-yield id=1 reason=SleepUntil(66)
[machine.1]           66 task-resume id=1 reason=scheduler
[machine.1]           66 task-yield id=1 reason=RtosPortYield
[machine.1]           66 task-resume id=1 reason=scheduler
[machine.1]           66 task-yield id=1 reason=SleepUntil(67)
[machine.1]           67 task-resume id=1 reason=scheduler
[machine.1]           67 task-yield id=1 reason=RtosPortYield
[machine.1]           67 task-resume id=1 reason=scheduler
[machine.1]           67 task-yield id=1 reason=SleepUntil(68)
[machine.1]           68 task-resume id=1 reason=scheduler
[machine.1]           68 task-yield id=1 reason=RtosPortYield
[machine.1]           68 task-resume id=1 reason=scheduler
[machine.1]           68 task-yield id=1 reason=SleepUntil(69)
[machine.1]           69 task-resume id=1 reason=scheduler
[machine.1]           69 task-yield id=1 reason=RtosPortYield
[machine.1]           69 task-resume id=1 reason=scheduler
[machine.1]           69 task-yield id=1 reason=SleepUntil(70)
[machine.1]           70 task-resume id=1 reason=scheduler
[machine.1]           70 task-yield id=1 reason=RtosPortYield
[machine.1]           70 task-resume id=1 reason=scheduler
[machine.1]           70 task-yield id=1 reason=SleepUntil(71)
[machine.1]           71 task-resume id=1 reason=scheduler
[machine.1]           71 task-yield id=1 reason=RtosPortYield
[machine.1]           71 task-resume id=1 reason=scheduler
[machine.1]           71 task-yield id=1 reason=SleepUntil(72)
[machine.1]           72 task-resume id=1 reason=scheduler
[machine.1]           72 task-yield id=1 reason=RtosPortYield
[machine.1]           72 task-resume id=1 reason=scheduler
[machine.1]           72 task-yield id=1 reason=SleepUntil(73)
[machine.1]           73 task-resume id=1 reason=scheduler
[machine.1]           73 task-yield id=1 reason=RtosPortYield
[machine.1]           73 task-resume id=1 reason=scheduler
[machine.1]           73 task-yield id=1 reason=SleepUntil(74)
[machine.1]           74 task-resume id=1 reason=scheduler
[machine.1]           74 task-yield id=1 reason=RtosPortYield
[machine.1]           74 task-resume id=1 reason=scheduler
[machine.1]           74 task-yield id=1 reason=SleepUntil(75)
[machine.1]           75 task-resume id=1 reason=scheduler
[machine.1]           75 task-yield id=1 reason=RtosPortYield
[machine.1]           75 task-resume id=1 reason=scheduler
[machine.1]           75 task-yield id=1 reason=SleepUntil(76)
[machine.1]           76 task-resume id=1 reason=scheduler
[machine.1]           76 task-yield id=1 reason=RtosPortYield
[machine.1]           76 task-resume id=1 reason=scheduler
[machine.1]           76 task-yield id=1 reason=SleepUntil(77)
[machine.1]           77 task-resume id=1 reason=scheduler
[machine.1]           77 task-yield id=1 reason=RtosPortYield
[machine.1]           77 task-resume id=1 reason=scheduler
[machine.1]           77 task-yield id=1 reason=SleepUntil(78)
[machine.1]           78 task-resume id=1 reason=scheduler
[machine.1]           78 task-yield id=1 reason=RtosPortYield
[machine.1]           78 task-resume id=1 reason=scheduler
[machine.1]           78 task-yield id=1 reason=SleepUntil(79)
[machine.1]           79 task-resume id=1 reason=scheduler
[machine.1]           79 task-yield id=1 reason=RtosPortYield
[machine.1]           79 task-resume id=1 reason=scheduler
[machine.1]           79 task-yield id=1 reason=SleepUntil(80)
[machine.1]           80 task-resume id=1 reason=scheduler
[machine.1]           80 task-yield id=1 reason=RtosPortYield
[machine.1]           80 task-resume id=1 reason=scheduler
[machine.1]           80 task-yield id=1 reason=SleepUntil(81)
[machine.1]           81 task-resume id=1 reason=scheduler
[machine.1]           81 task-yield id=1 reason=RtosPortYield
[machine.1]           81 task-resume id=1 reason=scheduler
[machine.1]           81 task-yield id=1 reason=SleepUntil(82)
[machine.1]           82 task-resume id=1 reason=scheduler
[machine.1]           82 task-yield id=1 reason=RtosPortYield
[machine.1]           82 task-resume id=1 reason=scheduler
[machine.1]           82 task-yield id=1 reason=SleepUntil(83)
[machine.1]           83 task-resume id=1 reason=scheduler
[machine.1]           83 task-yield id=1 reason=RtosPortYield
[machine.1]           83 task-resume id=1 reason=scheduler
[machine.1]           83 task-yield id=1 reason=SleepUntil(84)
[machine.1]           84 task-resume id=1 reason=scheduler
[machine.1]           84 task-yield id=1 reason=RtosPortYield
[machine.1]           84 task-resume id=1 reason=scheduler
[machine.1]           84 task-yield id=1 reason=SleepUntil(85)
[machine.1]           85 task-resume id=1 reason=scheduler
[machine.1]           85 task-yield id=1 reason=RtosPortYield
[machine.1]           85 task-resume id=1 reason=scheduler
[machine.1]           85 task-yield id=1 reason=SleepUntil(86)
[machine.1]           86 task-resume id=1 reason=scheduler
[machine.1]           86 task-yield id=1 reason=RtosPortYield
[machine.1]           86 task-resume id=1 reason=scheduler
[machine.1]           86 task-yield id=1 reason=SleepUntil(87)
[machine.1]           87 task-resume id=1 reason=scheduler
[machine.1]           87 task-yield id=1 reason=RtosPortYield
[machine.1]           87 task-resume id=1 reason=scheduler
[machine.1]           87 task-yield id=1 reason=SleepUntil(88)
[machine.1]           88 task-resume id=1 reason=scheduler
[machine.1]           88 task-yield id=1 reason=RtosPortYield
[machine.1]           88 task-resume id=1 reason=scheduler
[machine.1]           88 task-yield id=1 reason=SleepUntil(89)
[machine.1]           89 task-resume id=1 reason=scheduler
[machine.1]           89 task-yield id=1 reason=RtosPortYield
[machine.1]           89 task-resume id=1 reason=scheduler
[machine.1]           89 task-yield id=1 reason=SleepUntil(90)
[machine.1]           90 task-resume id=1 reason=scheduler
[machine.1]           90 task-yield id=1 reason=RtosPortYield
[machine.1]           90 task-resume id=1 reason=scheduler
[machine.1]           90 task-yield id=1 reason=SleepUntil(91)
[machine.1]           91 task-resume id=1 reason=scheduler
[machine.1]           91 task-yield id=1 reason=RtosPortYield
[machine.1]           91 task-resume id=1 reason=scheduler
[machine.1]           91 task-yield id=1 reason=SleepUntil(92)
[machine.1]           92 task-resume id=1 reason=scheduler
[machine.1]           92 task-yield id=1 reason=RtosPortYield
[machine.1]           92 task-resume id=1 reason=scheduler
[machine.1]           92 task-yield id=1 reason=SleepUntil(93)
[machine.1]           93 task-resume id=1 reason=scheduler
[machine.1]           93 task-yield id=1 reason=RtosPortYield
[machine.1]           93 task-resume id=1 reason=scheduler
[machine.1]           93 task-yield id=1 reason=SleepUntil(94)
[machine.1]           94 task-resume id=1 reason=scheduler
[machine.1]           94 task-yield id=1 reason=RtosPortYield
[machine.1]           94 task-resume id=1 reason=scheduler
[machine.1]           94 task-yield id=1 reason=SleepUntil(95)
[machine.1]           95 task-resume id=1 reason=scheduler
[machine.1]           95 task-yield id=1 reason=RtosPortYield
[machine.1]           95 task-resume id=1 reason=scheduler
[machine.1]           95 task-yield id=1 reason=SleepUntil(96)
[machine.1]           96 task-resume id=1 reason=scheduler
[machine.1]           96 task-yield id=1 reason=RtosPortYield
[machine.1]           96 task-resume id=1 reason=scheduler
[machine.1]           96 task-yield id=1 reason=SleepUntil(97)
[machine.1]           97 task-resume id=1 reason=scheduler
[machine.1]           97 task-yield id=1 reason=RtosPortYield
[machine.1]           97 task-resume id=1 reason=scheduler
[machine.1]           97 task-yield id=1 reason=SleepUntil(98)
[machine.1]           98 task-resume id=1 reason=scheduler
[machine.1]           98 task-yield id=1 reason=RtosPortYield
[machine.1]           98 task-resume id=1 reason=scheduler
[machine.1]           98 task-yield id=1 reason=SleepUntil(99)
[machine.1]           99 task-resume id=1 reason=scheduler
[machine.1]           99 task-yield id=1 reason=RtosPortYield
[machine.1]           99 task-resume id=1 reason=scheduler
[machine.1]           99 task-yield id=1 reason=SleepUntil(100)
[machine.1]          100 task-resume id=1 reason=scheduler
[machine.1]          100 task-yield id=1 reason=RtosPortYield
[machine.1]          100 task-resume id=1 reason=scheduler
[machine.1]          100 task-yield id=1 reason=SleepUntil(600)
[machine.1]          600 task-resume id=1 reason=scheduler
[machine.1]          600 task-yield id=1 reason=RtosPortYield
[machine.1]          600 task-resume id=1 reason=scheduler
[machine.1]          600 task-yield id=1 reason=TaskExit
[machine.1]          600 user-u32 "stress_create_done" = 100
